[0;36mDebug: Runtime environment: puppet_version=3.7.3 (Puppet Enterprise 3.7.1), ruby_version=1.9.3, run_mode=user, default_encoding=UTF-8[0m
[0;36mDebug: Loading external facts from /var/opt/lib/pe-puppet/facts.d[0m
[0;32mInfo: Loading facts[0m
[0;36mDebug: Loading facts from /etc/puppetlabs/puppet/environments/production/modules/stdlib/lib/facter/pe_version.rb[0m
[0;36mDebug: Loading facts from /etc/puppetlabs/puppet/environments/production/modules/stdlib/lib/facter/puppet_vardir.rb[0m
[0;36mDebug: Loading facts from /etc/puppetlabs/puppet/environments/production/modules/stdlib/lib/facter/root_home.rb[0m
[0;36mDebug: Loading facts from /etc/puppetlabs/puppet/environments/production/modules/stdlib/lib/facter/facter_dot_d.rb[0m
[0;32mInfo: Loading facts[0m
[0;36mDebug: Loading facts from /opt/puppet/share/puppet/modules/pe_staging/lib/facter/staging_http_get.rb[0m
[0;32mInfo: Loading facts[0m
[0;36mDebug: Loading facts from /opt/puppet/share/puppet/modules/puppet_enterprise/lib/facter/custom_auth_conf.rb[0m
[0;36mDebug: Loading facts from /opt/puppet/share/puppet/modules/puppet_enterprise/lib/facter/pe_build.rb[0m
[0;36mDebug: Loading facts from /opt/puppet/share/puppet/modules/puppet_enterprise/lib/facter/platform_tag.rb[0m
[0;36mDebug: Loading facts from /opt/puppet/share/puppet/modules/puppet_enterprise/lib/facter/pe_version.rb[0m
[0;36mDebug: Loading facts from /opt/puppet/share/puppet/modules/puppet_enterprise/lib/facter/windows.rb[0m
[0;32mInfo: Loading facts[0m
[0;36mDebug: Loading facts from /opt/puppet/share/puppet/modules/pe_concat/lib/facter/pe_concat_basedir.rb[0m
[0;32mInfo: Loading facts[0m
[0;36mDebug: Loading facts from /var/opt/lib/pe-puppet/lib/facter/custom_auth_conf.rb[0m
[0;36mDebug: Loading facts from /var/opt/lib/pe-puppet/lib/facter/pe_build.rb[0m
[0;36mDebug: Loading facts from /var/opt/lib/pe-puppet/lib/facter/platform_tag.rb[0m
[0;36mDebug: Loading facts from /var/opt/lib/pe-puppet/lib/facter/pe_version.rb[0m
[0;36mDebug: Loading facts from /var/opt/lib/pe-puppet/lib/facter/puppet_vardir.rb[0m
[0;36mDebug: Loading facts from /var/opt/lib/pe-puppet/lib/facter/root_home.rb[0m
[0;36mDebug: Loading facts from /var/opt/lib/pe-puppet/lib/facter/windows.rb[0m
[0;36mDebug: Loading facts from /var/opt/lib/pe-puppet/lib/facter/facter_dot_d.rb[0m
[0;36mDebug: Loading facts from /var/opt/lib/pe-puppet/lib/facter/staging_http_get.rb[0m
[0;36mDebug: Loading facts from /var/opt/lib/pe-puppet/lib/facter/pe_concat_basedir.rb[0m
[0;36mDebug: importing '/etc/puppetlabs/puppet/environments/production/modules/dvn2_linkmanager/manifests/init.pp' in environment production[0m
[0;36mDebug: Automatically imported dvn2_linkmanager from dvn2_linkmanager into production[0m
[mNotice: Compiled catalog for learning.puppetlabs.vm in environment production in 0.79 seconds[0m
[0;36mDebug: Puppet::Type::Service::ProviderDaemontools: file /usr/bin/svc does not exist[0m
[0;36mDebug: Puppet::Type::Service::ProviderRunit: file /usr/bin/sv does not exist[0m
[0;36mDebug: Puppet::Type::Service::ProviderSystemd: file systemctl does not exist[0m
[0;36mDebug: Puppet::Type::Service::ProviderLaunchd: file /bin/launchctl does not exist[0m
[0;36mDebug: Puppet::Type::Service::ProviderDebian: file /usr/sbin/update-rc.d does not exist[0m
[0;36mDebug: Puppet::Type::Service::ProviderGentoo: file /sbin/rc-update does not exist[0m
[0;36mDebug: Puppet::Type::Service::ProviderOpenrc: file /bin/rc-status does not exist[0m
[0;36mDebug: Creating default schedules[0m
[0;36mDebug: Using settings: adding file resource 'confdir': 'File[/etc/puppetlabs/puppet]{:path=>"/etc/puppetlabs/puppet", :ensure=>:directory, :loglevel=>:debug, :links=>:follow, :backup=>false}'[0m
[0;36mDebug: Puppet::Type::User::ProviderLdap: true value when expecting false[0m
[0;36mDebug: Puppet::Type::User::ProviderPw: file pw does not exist[0m
[0;36mDebug: Puppet::Type::User::ProviderUser_role_add: file roleadd does not exist[0m
[0;36mDebug: Puppet::Type::User::ProviderDirectoryservice: file /usr/bin/dsimport does not exist[0m
[0;36mDebug: Puppet::Type::Group::ProviderLdap: true value when expecting false[0m
[0;36mDebug: Puppet::Type::Group::ProviderPw: file pw does not exist[0m
[0;36mDebug: Puppet::Type::Group::ProviderDirectoryservice: file /usr/bin/dscl does not exist[0m
[0;36mDebug: Using settings: adding file resource 'vardir': 'File[/var/opt/lib/pe-puppet]{:path=>"/var/opt/lib/pe-puppet", :owner=>"pe-puppet", :group=>"pe-puppet", :ensure=>:directory, :loglevel=>:debug, :links=>:follow, :backup=>false}'[0m
[0;36mDebug: Using settings: adding file resource 'logdir': 'File[/var/log/pe-puppet]{:path=>"/var/log/pe-puppet", :mode=>"750", :owner=>"pe-puppet", :group=>"pe-puppet", :ensure=>:directory, :loglevel=>:debug, :links=>:follow, :backup=>false}'[0m
[0;36mDebug: Using settings: adding file resource 'statedir': 'File[/var/opt/lib/pe-puppet/state]{:path=>"/var/opt/lib/pe-puppet/state", :mode=>"1755", :ensure=>:directory, :loglevel=>:debug, :links=>:follow, :backup=>false}'[0m
[0;36mDebug: Using settings: adding file resource 'rundir': 'File[/var/run/pe-puppet]{:path=>"/var/run/pe-puppet", :mode=>"755", :owner=>"pe-puppet", :group=>"pe-puppet", :ensure=>:directory, :loglevel=>:debug, :links=>:follow, :backup=>false}'[0m
[0;36mDebug: Using settings: adding file resource 'libdir': 'File[/var/opt/lib/pe-puppet/lib]{:path=>"/var/opt/lib/pe-puppet/lib", :ensure=>:directory, :loglevel=>:debug, :links=>:follow, :backup=>false}'[0m
[0;36mDebug: Using settings: adding file resource 'hiera_config': 'File[/etc/puppetlabs/puppet/hiera.yaml]{:path=>"/etc/puppetlabs/puppet/hiera.yaml", :ensure=>:file, :loglevel=>:debug, :links=>:follow, :backup=>false}'[0m
[0;36mDebug: Using settings: adding file resource 'certdir': 'File[/etc/puppetlabs/puppet/ssl/certs]{:path=>"/etc/puppetlabs/puppet/ssl/certs", :mode=>"755", :owner=>"pe-puppet", :group=>"pe-puppet", :ensure=>:directory, :loglevel=>:debug, :links=>:follow, :backup=>false}'[0m
[0;36mDebug: Using settings: adding file resource 'ssldir': 'File[/etc/puppetlabs/puppet/ssl]{:path=>"/etc/puppetlabs/puppet/ssl", :mode=>"771", :owner=>"pe-puppet", :group=>"pe-puppet", :ensure=>:directory, :loglevel=>:debug, :links=>:follow, :backup=>false}'[0m
[0;36mDebug: Using settings: adding file resource 'publickeydir': 'File[/etc/puppetlabs/puppet/ssl/public_keys]{:path=>"/etc/puppetlabs/puppet/ssl/public_keys", :mode=>"755", :owner=>"pe-puppet", :group=>"pe-puppet", :ensure=>:directory, :loglevel=>:debug, :links=>:follow, :backup=>false}'[0m
[0;36mDebug: Using settings: adding file resource 'requestdir': 'File[/etc/puppetlabs/puppet/ssl/certificate_requests]{:path=>"/etc/puppetlabs/puppet/ssl/certificate_requests", :mode=>"755", :owner=>"pe-puppet", :group=>"pe-puppet", :ensure=>:directory, :loglevel=>:debug, :links=>:follow, :backup=>false}'[0m
[0;36mDebug: Using settings: adding file resource 'privatekeydir': 'File[/etc/puppetlabs/puppet/ssl/private_keys]{:path=>"/etc/puppetlabs/puppet/ssl/private_keys", :mode=>"750", :owner=>"pe-puppet", :group=>"pe-puppet", :ensure=>:directory, :loglevel=>:debug, :links=>:follow, :backup=>false}'[0m
[0;36mDebug: Using settings: adding file resource 'privatedir': 'File[/etc/puppetlabs/puppet/ssl/private]{:path=>"/etc/puppetlabs/puppet/ssl/private", :mode=>"750", :owner=>"pe-puppet", :group=>"pe-puppet", :ensure=>:directory, :loglevel=>:debug, :links=>:follow, :backup=>false}'[0m
[0;36mDebug: Using settings: adding file resource 'hostcert': 'File[/etc/puppetlabs/puppet/ssl/certs/learning.puppetlabs.vm.pem]{:path=>"/etc/puppetlabs/puppet/ssl/certs/learning.puppetlabs.vm.pem", :mode=>"644", :owner=>"pe-puppet", :group=>"pe-puppet", :ensure=>:file, :loglevel=>:debug, :links=>:follow, :backup=>false}'[0m
[0;36mDebug: Using settings: adding file resource 'hostprivkey': 'File[/etc/puppetlabs/puppet/ssl/private_keys/learning.puppetlabs.vm.pem]{:path=>"/etc/puppetlabs/puppet/ssl/private_keys/learning.puppetlabs.vm.pem", :mode=>"640", :owner=>"pe-puppet", :group=>"pe-puppet", :ensure=>:file, :loglevel=>:debug, :links=>:follow, :backup=>false}'[0m
[0;36mDebug: Using settings: adding file resource 'hostpubkey': 'File[/etc/puppetlabs/puppet/ssl/public_keys/learning.puppetlabs.vm.pem]{:path=>"/etc/puppetlabs/puppet/ssl/public_keys/learning.puppetlabs.vm.pem", :mode=>"644", :owner=>"pe-puppet", :group=>"pe-puppet", :ensure=>:file, :loglevel=>:debug, :links=>:follow, :backup=>false}'[0m
[0;36mDebug: Using settings: adding file resource 'localcacert': 'File[/etc/puppetlabs/puppet/ssl/certs/ca.pem]{:path=>"/etc/puppetlabs/puppet/ssl/certs/ca.pem", :mode=>"644", :owner=>"pe-puppet", :group=>"pe-puppet", :ensure=>:file, :loglevel=>:debug, :links=>:follow, :backup=>false}'[0m
[0;36mDebug: Using settings: adding file resource 'hostcrl': 'File[/etc/puppetlabs/puppet/ssl/crl.pem]{:path=>"/etc/puppetlabs/puppet/ssl/crl.pem", :mode=>"644", :owner=>"pe-puppet", :group=>"pe-puppet", :ensure=>:file, :loglevel=>:debug, :links=>:follow, :backup=>false}'[0m
[0;36mDebug: Using settings: adding file resource 'statefile': 'File[/var/opt/lib/pe-puppet/state/state.yaml]{:path=>"/var/opt/lib/pe-puppet/state/state.yaml", :mode=>"660", :ensure=>:file, :loglevel=>:debug, :links=>:follow, :backup=>false}'[0m
[0;36mDebug: Using settings: adding file resource 'clientyamldir': 'File[/var/opt/lib/pe-puppet/client_yaml]{:path=>"/var/opt/lib/pe-puppet/client_yaml", :mode=>"750", :ensure=>:directory, :loglevel=>:debug, :links=>:follow, :backup=>false}'[0m
[0;36mDebug: Using settings: adding file resource 'client_datadir': 'File[/var/opt/lib/pe-puppet/client_data]{:path=>"/var/opt/lib/pe-puppet/client_data", :mode=>"750", :ensure=>:directory, :loglevel=>:debug, :links=>:follow, :backup=>false}'[0m
[0;36mDebug: Using settings: adding file resource 'resourcefile': 'File[/var/opt/lib/pe-puppet/state/resources.txt]{:path=>"/var/opt/lib/pe-puppet/state/resources.txt", :mode=>"640", :owner=>"root", :ensure=>:file, :loglevel=>:debug, :links=>:follow, :backup=>false}'[0m
[0;36mDebug: Using settings: adding file resource 'clientbucketdir': 'File[/var/opt/lib/pe-puppet/clientbucket]{:path=>"/var/opt/lib/pe-puppet/clientbucket", :mode=>"750", :ensure=>:directory, :loglevel=>:debug, :links=>:follow, :backup=>false}'[0m
[0;36mDebug: Using settings: adding file resource 'lastrunfile': 'File[/var/opt/lib/pe-puppet/state/last_run_summary.yaml]{:path=>"/var/opt/lib/pe-puppet/state/last_run_summary.yaml", :mode=>"644", :ensure=>:file, :loglevel=>:debug, :links=>:follow, :backup=>false}'[0m
[0;36mDebug: Using settings: adding file resource 'lastrunreport': 'File[/var/opt/lib/pe-puppet/state/last_run_report.yaml]{:path=>"/var/opt/lib/pe-puppet/state/last_run_report.yaml", :mode=>"640", :ensure=>:file, :loglevel=>:debug, :links=>:follow, :backup=>false}'[0m
[0;36mDebug: Using settings: adding file resource 'graphdir': 'File[/var/opt/lib/pe-puppet/state/graphs]{:path=>"/var/opt/lib/pe-puppet/state/graphs", :ensure=>:directory, :loglevel=>:debug, :links=>:follow, :backup=>false}'[0m
[0;36mDebug: Using settings: adding file resource 'pluginfactdest': 'File[/var/opt/lib/pe-puppet/facts.d]{:path=>"/var/opt/lib/pe-puppet/facts.d", :ensure=>:directory, :loglevel=>:debug, :links=>:follow, :backup=>false}'[0m
[0;36mDebug: /File[/var/opt/lib/pe-puppet/state]: Autorequiring File[/var/opt/lib/pe-puppet][0m
[0;36mDebug: /File[/var/opt/lib/pe-puppet/lib]: Autorequiring File[/var/opt/lib/pe-puppet][0m
[0;36mDebug: /File[/etc/puppetlabs/puppet/hiera.yaml]: Autorequiring File[/etc/puppetlabs/puppet][0m
[0;36mDebug: /File[/etc/puppetlabs/puppet/ssl/certs]: Autorequiring File[/etc/puppetlabs/puppet/ssl][0m
[0;36mDebug: /File[/etc/puppetlabs/puppet/ssl]: Autorequiring File[/etc/puppetlabs/puppet][0m
[0;36mDebug: /File[/etc/puppetlabs/puppet/ssl/public_keys]: Autorequiring File[/etc/puppetlabs/puppet/ssl][0m
[0;36mDebug: /File[/etc/puppetlabs/puppet/ssl/certificate_requests]: Autorequiring File[/etc/puppetlabs/puppet/ssl][0m
[0;36mDebug: /File[/etc/puppetlabs/puppet/ssl/private_keys]: Autorequiring File[/etc/puppetlabs/puppet/ssl][0m
[0;36mDebug: /File[/etc/puppetlabs/puppet/ssl/private]: Autorequiring File[/etc/puppetlabs/puppet/ssl][0m
[0;36mDebug: /File[/etc/puppetlabs/puppet/ssl/certs/learning.puppetlabs.vm.pem]: Autorequiring File[/etc/puppetlabs/puppet/ssl/certs][0m
[0;36mDebug: /File[/etc/puppetlabs/puppet/ssl/private_keys/learning.puppetlabs.vm.pem]: Autorequiring File[/etc/puppetlabs/puppet/ssl/private_keys][0m
[0;36mDebug: /File[/etc/puppetlabs/puppet/ssl/public_keys/learning.puppetlabs.vm.pem]: Autorequiring File[/etc/puppetlabs/puppet/ssl/public_keys][0m
[0;36mDebug: /File[/etc/puppetlabs/puppet/ssl/certs/ca.pem]: Autorequiring File[/etc/puppetlabs/puppet/ssl/certs][0m
[0;36mDebug: /File[/etc/puppetlabs/puppet/ssl/crl.pem]: Autorequiring File[/etc/puppetlabs/puppet/ssl][0m
[0;36mDebug: /File[/var/opt/lib/pe-puppet/state/state.yaml]: Autorequiring File[/var/opt/lib/pe-puppet/state][0m
[0;36mDebug: /File[/var/opt/lib/pe-puppet/client_yaml]: Autorequiring File[/var/opt/lib/pe-puppet][0m
[0;36mDebug: /File[/var/opt/lib/pe-puppet/client_data]: Autorequiring File[/var/opt/lib/pe-puppet][0m
[0;36mDebug: /File[/var/opt/lib/pe-puppet/state/resources.txt]: Autorequiring File[/var/opt/lib/pe-puppet/state][0m
[0;36mDebug: /File[/var/opt/lib/pe-puppet/clientbucket]: Autorequiring File[/var/opt/lib/pe-puppet][0m
[0;36mDebug: /File[/var/opt/lib/pe-puppet/state/last_run_summary.yaml]: Autorequiring File[/var/opt/lib/pe-puppet/state][0m
[0;36mDebug: /File[/var/opt/lib/pe-puppet/state/last_run_report.yaml]: Autorequiring File[/var/opt/lib/pe-puppet/state][0m
[0;36mDebug: /File[/var/opt/lib/pe-puppet/state/graphs]: Autorequiring File[/var/opt/lib/pe-puppet/state][0m
[0;36mDebug: /File[/var/opt/lib/pe-puppet/facts.d]: Autorequiring File[/var/opt/lib/pe-puppet][0m
[0;36mDebug: /File[/etc/puppetlabs/puppet/environments/production]: Autorequiring File[/etc/puppetlabs/puppet][0m
[0;36mDebug: Finishing transaction 87740120[0m
[0;36mDebug: Loaded state in 0.19 seconds[0m
[0;36mDebug: Loaded state in 0.14 seconds[0m
[0;36mDebug: /Stage[main]/Dvn2_linkmanager/Exec[Install DVN2 Linkmanager]/notify: subscribes to Exec[Apply Dimetis Patch][0m
[0;36mDebug: /Stage[main]/Dvn2_linkmanager/Exec[Apply Dimetis Patch]/notify: subscribes to File[/var/tmp/runpatch.lock][0m
[0;36mDebug: /Stage[main]/Dvn2_linkmanager/Exec[Apply Dimetis Patch]/notify: subscribes to Service[httpd][0m
[0;36mDebug: /Stage[main]/Dvn2_linkmanager/Transition[Stop LinkManager Service]: Autorequiring Transition[Stop LinkManager Service][0m
[0;36mDebug: /Stage[main]/Dvn2_linkmanager/Transition[Stop LinkManager Service]: Autorequiring Transition[Stop LinkManager Service][0m
[0;32mInfo: Applying configuration version '1427081733'[0m
[0;36mDebug: Exec[Install DVN2 Linkmanager](provider=posix): Executing check 'rpm -q dimitis-linkmanager-p16.05-1.rpm'[0m
[0;36mDebug: Executing 'rpm -q dimitis-linkmanager-p16.05-1.rpm'[0m
[0;36mDebug: /Stage[main]/Dvn2_linkmanager/Exec[Install DVN2 Linkmanager]/unless: package dimitis-linkmanager-p16.05-1.rpm is not installed[0m
[0;36mDebug: Loaded state in 0.14 seconds[0m
[0;36mDebug: Executing '/sbin/service httpd status'[0m
[0;36mDebug: Executing '/sbin/service httpd stop'[0m
[mNotice: /Service[httpd]/ensure: ensure changed 'running' to 'stopped'[0m
[0;36mDebug: Finishing transaction 82111120[0m
[0;36mDebug: Storing state[0m
[0;36mDebug: Stored state in 0.16 seconds[0m
[0;36mDebug: Executing '/sbin/service httpd status'[0m
[mNotice: /Stage[main]/Dvn2_linkmanager/Transition[Stop LinkManager Service]/enable: transition state {"ensure"=>"stopped"} applied to Service[httpd][0m
[0;36mDebug: /Stage[main]/Dvn2_linkmanager/Transition[Stop LinkManager Service]: The container Class[Dvn2_linkmanager] will propagate my refresh event[0m
[0;36mDebug: Exec[Install DVN2 Linkmanager](provider=posix): Executing check 'rpm -q dimitis-linkmanager-p16.05-1.rpm'[0m
[0;36mDebug: Executing 'rpm -q dimitis-linkmanager-p16.05-1.rpm'[0m
[0;36mDebug: /Stage[main]/Dvn2_linkmanager/Exec[Install DVN2 Linkmanager]/unless: package dimitis-linkmanager-p16.05-1.rpm is not installed[0m
[0;36mDebug: Exec[Install DVN2 Linkmanager](provider=posix): Executing 'rpm -Uvh --oldpackage http://192.168.119.1/dimitis-linkmanager-p16.05-1.rpm'[0m
[0;36mDebug: Executing 'rpm -Uvh --oldpackage http://192.168.119.1/dimitis-linkmanager-p16.05-1.rpm'[0m
[mNotice: /Stage[main]/Dvn2_linkmanager/Exec[Install DVN2 Linkmanager]/returns: Retrieving http://192.168.119.1/dimitis-linkmanager-p16.05-1.rpm[0m
[mNotice: /Stage[main]/Dvn2_linkmanager/Exec[Install DVN2 Linkmanager]/returns: Preparing...                ##################################################[0m
[mNotice: /Stage[main]/Dvn2_linkmanager/Exec[Install DVN2 Linkmanager]/returns: Removed lock file[0m
[mNotice: /Stage[main]/Dvn2_linkmanager/Exec[Install DVN2 Linkmanager]/returns: dimitis-linkmanager         warning: /opt/linkmanager/dest/conf/AD_Modules.xml created as /opt/linkmanager/dest/conf/AD_Modules.xml.rpmnew[0m
[mNotice: /Stage[main]/Dvn2_linkmanager/Exec[Install DVN2 Linkmanager]/returns: warning: /opt/linkmanager/dest/conf/AccessControllList.xsd created as /opt/linkmanager/dest/conf/AccessControllList.xsd.rpmnew[0m
[mNotice: /Stage[main]/Dvn2_linkmanager/Exec[Install DVN2 Linkmanager]/returns: warning: /opt/linkmanager/dest/conf/AtomicOperations.xml created as /opt/linkmanager/dest/conf/AtomicOperations.xml.rpmnew[0m
[mNotice: /Stage[main]/Dvn2_linkmanager/Exec[Install DVN2 Linkmanager]/returns: warning: /opt/linkmanager/dest/conf/ConfigureOraclePrimary.sql created as /opt/linkmanager/dest/conf/ConfigureOraclePrimary.sql.rpmnew[0m
[mNotice: /Stage[main]/Dvn2_linkmanager/Exec[Install DVN2 Linkmanager]/returns: warning: /opt/linkmanager/dest/conf/ConfigureOracleStandby.sql created as /opt/linkmanager/dest/conf/ConfigureOracleStandby.sql.rpmnew[0m
[mNotice: /Stage[main]/Dvn2_linkmanager/Exec[Install DVN2 Linkmanager]/returns: warning: /opt/linkmanager/dest/conf/Device.properties created as /opt/linkmanager/dest/conf/Device.properties.rpmnew[0m
[mNotice: /Stage[main]/Dvn2_linkmanager/Exec[Install DVN2 Linkmanager]/returns: warning: /opt/linkmanager/dest/conf/Fault-Config.xml created as /opt/linkmanager/dest/conf/Fault-Config.xml.rpmnew[0m
[mNotice: /Stage[main]/Dvn2_linkmanager/Exec[Install DVN2 Linkmanager]/returns: warning: /opt/linkmanager/dest/conf/LinkManagerModules.xml created as /opt/linkmanager/dest/conf/LinkManagerModules.xml.rpmnew[0m
[mNotice: /Stage[main]/Dvn2_linkmanager/Exec[Install DVN2 Linkmanager]/returns: warning: /opt/linkmanager/dest/conf/MIBS/neti-chmgr-mib created as /opt/linkmanager/dest/conf/MIBS/neti-chmgr-mib.rpmnew[0m
[mNotice: /Stage[main]/Dvn2_linkmanager/Exec[Install DVN2 Linkmanager]/returns: warning: /opt/linkmanager/dest/conf/MIBS/neti-common-mib created as /opt/linkmanager/dest/conf/MIBS/neti-common-mib.rpmnew[0m
[mNotice: /Stage[main]/Dvn2_linkmanager/Exec[Install DVN2 Linkmanager]/returns: warning: /opt/linkmanager/dest/conf/MIBS/neti-config-mib created as /opt/linkmanager/dest/conf/MIBS/neti-config-mib.rpmnew[0m
[mNotice: /Stage[main]/Dvn2_linkmanager/Exec[Install DVN2 Linkmanager]/returns: warning: /opt/linkmanager/dest/conf/MIBS/neti-dlt-mib created as /opt/linkmanager/dest/conf/MIBS/neti-dlt-mib.rpmnew[0m
[mNotice: /Stage[main]/Dvn2_linkmanager/Exec[Install DVN2 Linkmanager]/returns: warning: /opt/linkmanager/dest/conf/MIBS/neti-dtm-mib created as /opt/linkmanager/dest/conf/MIBS/neti-dtm-mib.rpmnew[0m
[mNotice: /Stage[main]/Dvn2_linkmanager/Exec[Install DVN2 Linkmanager]/returns: warning: /opt/linkmanager/dest/conf/MIBS/neti-entity-mib created as /opt/linkmanager/dest/conf/MIBS/neti-entity-mib.rpmnew[0m
[mNotice: /Stage[main]/Dvn2_linkmanager/Exec[Install DVN2 Linkmanager]/returns: warning: /opt/linkmanager/dest/conf/MIBS/neti-ethconf-mib created as /opt/linkmanager/dest/conf/MIBS/neti-ethconf-mib.rpmnew[0m
[mNotice: /Stage[main]/Dvn2_linkmanager/Exec[Install DVN2 Linkmanager]/returns: warning: /opt/linkmanager/dest/conf/MIBS/neti-event-mib created as /opt/linkmanager/dest/conf/MIBS/neti-event-mib.rpmnew[0m
[mNotice: /Stage[main]/Dvn2_linkmanager/Exec[Install DVN2 Linkmanager]/returns: warning: /opt/linkmanager/dest/conf/MIBS/neti-its-mib created as /opt/linkmanager/dest/conf/MIBS/neti-its-mib.rpmnew[0m
[mNotice: /Stage[main]/Dvn2_linkmanager/Exec[Install DVN2 Linkmanager]/returns: warning: /opt/linkmanager/dest/conf/MIBS/neti-pm-mib created as /opt/linkmanager/dest/conf/MIBS/neti-pm-mib.rpmnew[0m
[mNotice: /Stage[main]/Dvn2_linkmanager/Exec[Install DVN2 Linkmanager]/returns: warning: /opt/linkmanager/dest/conf/Menus.xml created as /opt/linkmanager/dest/conf/Menus.xml.rpmnew[0m
[mNotice: /Stage[main]/Dvn2_linkmanager/Exec[Install DVN2 Linkmanager]/returns: warning: /opt/linkmanager/dest/conf/Modules.xml created as /opt/linkmanager/dest/conf/Modules.xml.rpmnew[0m
[mNotice: /Stage[main]/Dvn2_linkmanager/Exec[Install DVN2 Linkmanager]/returns: warning: /opt/linkmanager/dest/conf/NB_Modules.xml created as /opt/linkmanager/dest/conf/NB_Modules.xml.rpmnew[0m
[mNotice: /Stage[main]/Dvn2_linkmanager/Exec[Install DVN2 Linkmanager]/returns: warning: /opt/linkmanager/dest/conf/NP_Modules.xml created as /opt/linkmanager/dest/conf/NP_Modules.xml.rpmnew[0m
[mNotice: /Stage[main]/Dvn2_linkmanager/Exec[Install DVN2 Linkmanager]/returns: warning: /opt/linkmanager/dest/conf/OracleUserSetup.sql created as /opt/linkmanager/dest/conf/OracleUserSetup.sql.rpmnew[0m
[mNotice: /Stage[main]/Dvn2_linkmanager/Exec[Install DVN2 Linkmanager]/returns: warning: /opt/linkmanager/dest/conf/Port.properties created as /opt/linkmanager/dest/conf/Port.properties.rpmnew[0m
[mNotice: /Stage[main]/Dvn2_linkmanager/Exec[Install DVN2 Linkmanager]/returns: warning: /opt/linkmanager/dest/conf/Profile-Definition-ESPN.xml created as /opt/linkmanager/dest/conf/Profile-Definition-ESPN.xml.rpmnew[0m
[mNotice: /Stage[main]/Dvn2_linkmanager/Exec[Install DVN2 Linkmanager]/returns: warning: /opt/linkmanager/dest/conf/Profile-Definition.xml created as /opt/linkmanager/dest/conf/Profile-Definition.xml.rpmnew[0m
[mNotice: /Stage[main]/Dvn2_linkmanager/Exec[Install DVN2 Linkmanager]/returns: warning: /opt/linkmanager/dest/conf/RCA.xsd created as /opt/linkmanager/dest/conf/RCA.xsd.rpmnew[0m
[mNotice: /Stage[main]/Dvn2_linkmanager/Exec[Install DVN2 Linkmanager]/returns: warning: /opt/linkmanager/dest/conf/RCARule.xsd created as /opt/linkmanager/dest/conf/RCARule.xsd.rpmnew[0m
[mNotice: /Stage[main]/Dvn2_linkmanager/Exec[Install DVN2 Linkmanager]/returns: warning: /opt/linkmanager/dest/conf/SLAProfile.xsd created as /opt/linkmanager/dest/conf/SLAProfile.xsd.rpmnew[0m
[mNotice: /Stage[main]/Dvn2_linkmanager/Exec[Install DVN2 Linkmanager]/returns: warning: /opt/linkmanager/dest/conf/Site.properties created as /opt/linkmanager/dest/conf/Site.properties.rpmnew[0m
[mNotice: /Stage[main]/Dvn2_linkmanager/Exec[Install DVN2 Linkmanager]/returns: warning: /opt/linkmanager/dest/conf/StartSql.sql created as /opt/linkmanager/dest/conf/StartSql.sql.rpmnew[0m
[mNotice: /Stage[main]/Dvn2_linkmanager/Exec[Install DVN2 Linkmanager]/returns: warning: /opt/linkmanager/dest/conf/StateEngine.xsd created as /opt/linkmanager/dest/conf/StateEngine.xsd.rpmnew[0m
[mNotice: /Stage[main]/Dvn2_linkmanager/Exec[Install DVN2 Linkmanager]/returns: warning: /opt/linkmanager/dest/conf/Tools.xml created as /opt/linkmanager/dest/conf/Tools.xml.rpmnew[0m
[mNotice: /Stage[main]/Dvn2_linkmanager/Exec[Install DVN2 Linkmanager]/returns: warning: /opt/linkmanager/dest/conf/UpdateScripts/LINUX/mysqlscript.sh created as /opt/linkmanager/dest/conf/UpdateScripts/LINUX/mysqlscript.sh.rpmnew[0m
[mNotice: /Stage[main]/Dvn2_linkmanager/Exec[Install DVN2 Linkmanager]/returns: warning: /opt/linkmanager/dest/conf/UpdateScripts/LINUX/oraclescript.sh created as /opt/linkmanager/dest/conf/UpdateScripts/LINUX/oraclescript.sh.rpmnew[0m
[mNotice: /Stage[main]/Dvn2_linkmanager/Exec[Install DVN2 Linkmanager]/returns: warning: /opt/linkmanager/dest/conf/UpdateScripts/Windows/mysqlscript.bat created as /opt/linkmanager/dest/conf/UpdateScripts/Windows/mysqlscript.bat.rpmnew[0m
[mNotice: /Stage[main]/Dvn2_linkmanager/Exec[Install DVN2 Linkmanager]/returns: warning: /opt/linkmanager/dest/conf/UpdateScripts/Windows/oraclescript.bat created as /opt/linkmanager/dest/conf/UpdateScripts/Windows/oraclescript.bat.rpmnew[0m
[mNotice: /Stage[main]/Dvn2_linkmanager/Exec[Install DVN2 Linkmanager]/returns: warning: /opt/linkmanager/dest/conf/action-class-map.properties created as /opt/linkmanager/dest/conf/action-class-map.properties.rpmnew[0m
[mNotice: /Stage[main]/Dvn2_linkmanager/Exec[Install DVN2 Linkmanager]/returns: warning: /opt/linkmanager/dest/conf/adapter/NewAdapter.xml created as /opt/linkmanager/dest/conf/adapter/NewAdapter.xml.rpmnew[0m
[mNotice: /Stage[main]/Dvn2_linkmanager/Exec[Install DVN2 Linkmanager]/returns: warning: /opt/linkmanager/dest/conf/adapterTemp/AdapterBuild/build.xml created as /opt/linkmanager/dest/conf/adapterTemp/AdapterBuild/build.xml.rpmnew[0m
[mNotice: /Stage[main]/Dvn2_linkmanager/Exec[Install DVN2 Linkmanager]/returns: warning: /opt/linkmanager/dest/conf/adapterTemp/ModifyBuild/build.xml created as /opt/linkmanager/dest/conf/adapterTemp/ModifyBuild/build.xml.rpmnew[0m
[mNotice: /Stage[main]/Dvn2_linkmanager/Exec[Install DVN2 Linkmanager]/returns: warning: /opt/linkmanager/dest/conf/adapterTemp/ResourceadapterBuild/build.xml created as /opt/linkmanager/dest/conf/adapterTemp/ResourceadapterBuild/build.xml.rpmnew[0m
[mNotice: /Stage[main]/Dvn2_linkmanager/Exec[Install DVN2 Linkmanager]/returns: warning: /opt/linkmanager/dest/conf/add_master.sql created as /opt/linkmanager/dest/conf/add_master.sql.rpmnew[0m
[mNotice: /Stage[main]/Dvn2_linkmanager/Exec[Install DVN2 Linkmanager]/returns: warning: /opt/linkmanager/dest/conf/alarms.sql created as /opt/linkmanager/dest/conf/alarms.sql.rpmnew[0m
[mNotice: /Stage[main]/Dvn2_linkmanager/Exec[Install DVN2 Linkmanager]/returns: warning: /opt/linkmanager/dest/conf/alter_constraints.sql created as /opt/linkmanager/dest/conf/alter_constraints.sql.rpmnew[0m
[mNotice: /Stage[main]/Dvn2_linkmanager/Exec[Install DVN2 Linkmanager]/returns: warning: /opt/linkmanager/dest/conf/alterprimarysequence.sql created as /opt/linkmanager/dest/conf/alterprimarysequence.sql.rpmnew[0m
[mNotice: /Stage[main]/Dvn2_linkmanager/Exec[Install DVN2 Linkmanager]/returns: warning: /opt/linkmanager/dest/conf/altersequence.sql created as /opt/linkmanager/dest/conf/altersequence.sql.rpmnew[0m
[mNotice: /Stage[main]/Dvn2_linkmanager/Exec[Install DVN2 Linkmanager]/returns: warning: /opt/linkmanager/dest/conf/alterstandbysequence.sql created as /opt/linkmanager/dest/conf/alterstandbysequence.sql.rpmnew[0m
[mNotice: /Stage[main]/Dvn2_linkmanager/Exec[Install DVN2 Linkmanager]/returns: warning: /opt/linkmanager/dest/conf/audit-manager-resources.xml created as /opt/linkmanager/dest/conf/audit-manager-resources.xml.rpmnew[0m
[mNotice: /Stage[main]/Dvn2_linkmanager/Exec[Install DVN2 Linkmanager]/returns: warning: /opt/linkmanager/dest/conf/auditpurge.sql created as /opt/linkmanager/dest/conf/auditpurge.sql.rpmnew[0m
[mNotice: /Stage[main]/Dvn2_linkmanager/Exec[Install DVN2 Linkmanager]/returns: warning: /opt/linkmanager/dest/conf/broker_input.xml created as /opt/linkmanager/dest/conf/broker_input.xml.rpmnew[0m
[mNotice: /Stage[main]/Dvn2_linkmanager/Exec[Install DVN2 Linkmanager]/returns: warning: /opt/linkmanager/dest/conf/bw_definition_DTM_MPLS_2_1000mbps.sql created as /opt/linkmanager/dest/conf/bw_definition_DTM_MPLS_2_1000mbps.sql.rpmnew[0m
[mNotice: /Stage[main]/Dvn2_linkmanager/Exec[Install DVN2 Linkmanager]/returns: warning: /opt/linkmanager/dest/conf/cache.ccf created as /opt/linkmanager/dest/conf/cache.ccf.rpmnew[0m
[mNotice: /Stage[main]/Dvn2_linkmanager/Exec[Install DVN2 Linkmanager]/returns: warning: /opt/linkmanager/dest/conf/catalina.properties created as /opt/linkmanager/dest/conf/catalina.properties.rpmnew[0m
[mNotice: /Stage[main]/Dvn2_linkmanager/Exec[Install DVN2 Linkmanager]/returns: warning: /opt/linkmanager/dest/conf/cilConfig.lic created as /opt/linkmanager/dest/conf/cilConfig.lic.rpmnew[0m
[mNotice: /Stage[main]/Dvn2_linkmanager/Exec[Install DVN2 Linkmanager]/returns: warning: /opt/linkmanager/dest/conf/clean_service.sql created as /opt/linkmanager/dest/conf/clean_service.sql.rpmnew[0m
[mNotice: /Stage[main]/Dvn2_linkmanager/Exec[Install DVN2 Linkmanager]/returns: warning: /opt/linkmanager/dest/conf/clean_service_b4service_discovery.sql created as /opt/linkmanager/dest/conf/clean_service_b4service_discovery.sql.rpmnew[0m
[mNotice: /Stage[main]/Dvn2_linkmanager/Exec[Install DVN2 Linkmanager]/returns: warning: /opt/linkmanager/dest/conf/clean_trunkpaths.sql created as /opt/linkmanager/dest/conf/clean_trunkpaths.sql.rpmnew[0m
[mNotice: /Stage[main]/Dvn2_linkmanager/Exec[Install DVN2 Linkmanager]/returns: warning: /opt/linkmanager/dest/conf/cleanup_repadmin.sql created as /opt/linkmanager/dest/conf/cleanup_repadmin.sql.rpmnew[0m
[mNotice: /Stage[main]/Dvn2_linkmanager/Exec[Install DVN2 Linkmanager]/returns: warning: /opt/linkmanager/dest/conf/cleanup_repgrp.sql created as /opt/linkmanager/dest/conf/cleanup_repgrp.sql.rpmnew[0m
[mNotice: /Stage[main]/Dvn2_linkmanager/Exec[Install DVN2 Linkmanager]/returns: warning: /opt/linkmanager/dest/conf/combined-models-descriptor.xsd created as /opt/linkmanager/dest/conf/combined-models-descriptor.xsd.rpmnew[0m
[mNotice: /Stage[main]/Dvn2_linkmanager/Exec[Install DVN2 Linkmanager]/returns: warning: /opt/linkmanager/dest/conf/configure_bandwidth.sql created as /opt/linkmanager/dest/conf/configure_bandwidth.sql.rpmnew[0m
[mNotice: /Stage[main]/Dvn2_linkmanager/Exec[Install DVN2 Linkmanager]/returns: warning: /opt/linkmanager/dest/conf/configure_bandwidth_ESPN.sql created as /opt/linkmanager/dest/conf/configure_bandwidth_ESPN.sql.rpmnew[0m
[mNotice: /Stage[main]/Dvn2_linkmanager/Exec[Install DVN2 Linkmanager]/returns: warning: /opt/linkmanager/dest/conf/conflict_resolution.sql created as /opt/linkmanager/dest/conf/conflict_resolution.sql.rpmnew[0m
[mNotice: /Stage[main]/Dvn2_linkmanager/Exec[Install DVN2 Linkmanager]/returns: warning: /opt/linkmanager/dest/conf/connection-params-config.xsd created as /opt/linkmanager/dest/conf/connection-params-config.xsd.rpmnew[0m
[mNotice: /Stage[main]/Dvn2_linkmanager/Exec[Install DVN2 Linkmanager]/returns: warning: /opt/linkmanager/dest/conf/context.xml created as /opt/linkmanager/dest/conf/context.xml.rpmnew[0m
[mNotice: /Stage[main]/Dvn2_linkmanager/Exec[Install DVN2 Linkmanager]/returns: warning: /opt/linkmanager/dest/conf/create_repgrp.sql created as /opt/linkmanager/dest/conf/create_repgrp.sql.rpmnew[0m
[mNotice: /Stage[main]/Dvn2_linkmanager/Exec[Install DVN2 Linkmanager]/returns: warning: /opt/linkmanager/dest/conf/dafault_connectionList_column.properties created as /opt/linkmanager/dest/conf/dafault_connectionList_column.properties.rpmnew[0m
[mNotice: /Stage[main]/Dvn2_linkmanager/Exec[Install DVN2 Linkmanager]/returns: warning: /opt/linkmanager/dest/conf/database-service-resources.xml created as /opt/linkmanager/dest/conf/database-service-resources.xml.rpmnew[0m
[mNotice: /Stage[main]/Dvn2_linkmanager/Exec[Install DVN2 Linkmanager]/returns: warning: /opt/linkmanager/dest/conf/db/default_hibernate_db_classes.txt created as /opt/linkmanager/dest/conf/db/default_hibernate_db_classes.txt.rpmnew[0m
[mNotice: /Stage[main]/Dvn2_linkmanager/Exec[Install DVN2 Linkmanager]/returns: warning: /opt/linkmanager/dest/conf/dbconf/aclprofiles/DefaultAdminProfile.xml created as /opt/linkmanager/dest/conf/dbconf/aclprofiles/DefaultAdminProfile.xml.rpmnew[0m
[mNotice: /Stage[main]/Dvn2_linkmanager/Exec[Install DVN2 Linkmanager]/returns: warning: /opt/linkmanager/dest/conf/dbconf/aclprofiles/DefaultNBProfile.xml created as /opt/linkmanager/dest/conf/dbconf/aclprofiles/DefaultNBProfile.xml.rpmnew[0m
[mNotice: /Stage[main]/Dvn2_linkmanager/Exec[Install DVN2 Linkmanager]/returns: warning: /opt/linkmanager/dest/conf/dbconf/aclprofiles/DefaultProvisionerProfile.xml created as /opt/linkmanager/dest/conf/dbconf/aclprofiles/DefaultProvisionerProfile.xml.rpmnew[0m
[mNotice: /Stage[main]/Dvn2_linkmanager/Exec[Install DVN2 Linkmanager]/returns: warning: /opt/linkmanager/dest/conf/dbconf/rules/PathSwitch.xml created as /opt/linkmanager/dest/conf/dbconf/rules/PathSwitch.xml.rpmnew[0m
[mNotice: /Stage[main]/Dvn2_linkmanager/Exec[Install DVN2 Linkmanager]/returns: warning: /opt/linkmanager/dest/conf/dbconf/stateengine/Service.xml created as /opt/linkmanager/dest/conf/dbconf/stateengine/Service.xml.rpmnew[0m
[mNotice: /Stage[main]/Dvn2_linkmanager/Exec[Install DVN2 Linkmanager]/returns: warning: /opt/linkmanager/dest/conf/dbconfig/mysql/configure_databse.sql created as /opt/linkmanager/dest/conf/dbconfig/mysql/configure_databse.sql.rpmnew[0m
[mNotice: /Stage[main]/Dvn2_linkmanager/Exec[Install DVN2 Linkmanager]/returns: warning: /opt/linkmanager/dest/conf/dbconfig/mysql/database-service-resources.xml created as /opt/linkmanager/dest/conf/dbconfig/mysql/database-service-resources.xml.rpmnew[0m
[mNotice: /Stage[main]/Dvn2_linkmanager/Exec[Install DVN2 Linkmanager]/returns: warning: /opt/linkmanager/dest/conf/dbconfig/mysql/mysql_import.sql created as /opt/linkmanager/dest/conf/dbconfig/mysql/mysql_import.sql.rpmnew[0m
[mNotice: /Stage[main]/Dvn2_linkmanager/Exec[Install DVN2 Linkmanager]/returns: warning: /opt/linkmanager/dest/conf/dbconfig/mysql/quartz.properties created as /opt/linkmanager/dest/conf/dbconfig/mysql/quartz.properties.rpmnew[0m
[mNotice: /Stage[main]/Dvn2_linkmanager/Exec[Install DVN2 Linkmanager]/returns: warning: /opt/linkmanager/dest/conf/dbconfig/mysql/quartz_database.sql created as /opt/linkmanager/dest/conf/dbconfig/mysql/quartz_database.sql.rpmnew[0m
[mNotice: /Stage[main]/Dvn2_linkmanager/Exec[Install DVN2 Linkmanager]/returns: warning: /opt/linkmanager/dest/conf/dbconfig/mysql/slaveconfig.sql created as /opt/linkmanager/dest/conf/dbconfig/mysql/slaveconfig.sql.rpmnew[0m
[mNotice: /Stage[main]/Dvn2_linkmanager/Exec[Install DVN2 Linkmanager]/returns: warning: /opt/linkmanager/dest/conf/dbconfig/oracle/ConfigureOraclePrimary.sql created as /opt/linkmanager/dest/conf/dbconfig/oracle/ConfigureOraclePrimary.sql.rpmnew[0m
[mNotice: /Stage[main]/Dvn2_linkmanager/Exec[Install DVN2 Linkmanager]/returns: warning: /opt/linkmanager/dest/conf/dbconfig/oracle/ConfigureOracleStandby.sql created as /opt/linkmanager/dest/conf/dbconfig/oracle/ConfigureOracleStandby.sql.rpmnew[0m
[mNotice: /Stage[main]/Dvn2_linkmanager/Exec[Install DVN2 Linkmanager]/returns: warning: /opt/linkmanager/dest/conf/dbconfig/oracle/OracleUserSetup.sql created as /opt/linkmanager/dest/conf/dbconfig/oracle/OracleUserSetup.sql.rpmnew[0m
[mNotice: /Stage[main]/Dvn2_linkmanager/Exec[Install DVN2 Linkmanager]/returns: warning: /opt/linkmanager/dest/conf/dbconfig/oracle/StartSql.sql created as /opt/linkmanager/dest/conf/dbconfig/oracle/StartSql.sql.rpmnew[0m
[mNotice: /Stage[main]/Dvn2_linkmanager/Exec[Install DVN2 Linkmanager]/returns: warning: /opt/linkmanager/dest/conf/dbconfig/oracle/add_master.sql created as /opt/linkmanager/dest/conf/dbconfig/oracle/add_master.sql.rpmnew[0m
[mNotice: /Stage[main]/Dvn2_linkmanager/Exec[Install DVN2 Linkmanager]/returns: warning: /opt/linkmanager/dest/conf/dbconfig/oracle/alter_constraints.sql created as /opt/linkmanager/dest/conf/dbconfig/oracle/alter_constraints.sql.rpmnew[0m
[mNotice: /Stage[main]/Dvn2_linkmanager/Exec[Install DVN2 Linkmanager]/returns: warning: /opt/linkmanager/dest/conf/dbconfig/oracle/alterprimarysequence.sql created as /opt/linkmanager/dest/conf/dbconfig/oracle/alterprimarysequence.sql.rpmnew[0m
[mNotice: /Stage[main]/Dvn2_linkmanager/Exec[Install DVN2 Linkmanager]/returns: warning: /opt/linkmanager/dest/conf/dbconfig/oracle/altersequence.sql created as /opt/linkmanager/dest/conf/dbconfig/oracle/altersequence.sql.rpmnew[0m
[mNotice: /Stage[main]/Dvn2_linkmanager/Exec[Install DVN2 Linkmanager]/returns: warning: /opt/linkmanager/dest/conf/dbconfig/oracle/alterstandbysequence.sql created as /opt/linkmanager/dest/conf/dbconfig/oracle/alterstandbysequence.sql.rpmnew[0m
[mNotice: /Stage[main]/Dvn2_linkmanager/Exec[Install DVN2 Linkmanager]/returns: warning: /opt/linkmanager/dest/conf/dbconfig/oracle/cleanup_repadmin.sql created as /opt/linkmanager/dest/conf/dbconfig/oracle/cleanup_repadmin.sql.rpmnew[0m
[mNotice: /Stage[main]/Dvn2_linkmanager/Exec[Install DVN2 Linkmanager]/returns: warning: /opt/linkmanager/dest/conf/dbconfig/oracle/cleanup_repgrp.sql created as /opt/linkmanager/dest/conf/dbconfig/oracle/cleanup_repgrp.sql.rpmnew[0m
[mNotice: /Stage[main]/Dvn2_linkmanager/Exec[Install DVN2 Linkmanager]/returns: warning: /opt/linkmanager/dest/conf/dbconfig/oracle/conflict_resolution.sql created as /opt/linkmanager/dest/conf/dbconfig/oracle/conflict_resolution.sql.rpmnew[0m
[mNotice: /Stage[main]/Dvn2_linkmanager/Exec[Install DVN2 Linkmanager]/returns: warning: /opt/linkmanager/dest/conf/dbconfig/oracle/create_repgrp.sql created as /opt/linkmanager/dest/conf/dbconfig/oracle/create_repgrp.sql.rpmnew[0m
[mNotice: /Stage[main]/Dvn2_linkmanager/Exec[Install DVN2 Linkmanager]/returns: warning: /opt/linkmanager/dest/conf/dbconfig/oracle/database-service-resources.xml created as /opt/linkmanager/dest/conf/dbconfig/oracle/database-service-resources.xml.rpmnew[0m
[mNotice: /Stage[main]/Dvn2_linkmanager/Exec[Install DVN2 Linkmanager]/returns: warning: /opt/linkmanager/dest/conf/dbconfig/oracle/disable_constraints.sql created as /opt/linkmanager/dest/conf/dbconfig/oracle/disable_constraints.sql.rpmnew[0m
[mNotice: /Stage[main]/Dvn2_linkmanager/Exec[Install DVN2 Linkmanager]/returns: warning: /opt/linkmanager/dest/conf/dbconfig/oracle/enable_constraints.sql created as /opt/linkmanager/dest/conf/dbconfig/oracle/enable_constraints.sql.rpmnew[0m
[mNotice: /Stage[main]/Dvn2_linkmanager/Exec[Install DVN2 Linkmanager]/returns: warning: /opt/linkmanager/dest/conf/dbconfig/oracle/my-database-service-resources.xml created as /opt/linkmanager/dest/conf/dbconfig/oracle/my-database-service-resources.xml.rpmnew[0m
[mNotice: /Stage[main]/Dvn2_linkmanager/Exec[Install DVN2 Linkmanager]/returns: warning: /opt/linkmanager/dest/conf/dbconfig/oracle/my-quartz.properties created as /opt/linkmanager/dest/conf/dbconfig/oracle/my-quartz.properties.rpmnew[0m
[mNotice: /Stage[main]/Dvn2_linkmanager/Exec[Install DVN2 Linkmanager]/returns: warning: /opt/linkmanager/dest/conf/dbconfig/oracle/oracleprimary.sql created as /opt/linkmanager/dest/conf/dbconfig/oracle/oracleprimary.sql.rpmnew[0m
[mNotice: /Stage[main]/Dvn2_linkmanager/Exec[Install DVN2 Linkmanager]/returns: warning: /opt/linkmanager/dest/conf/dbconfig/oracle/oraclestandby.sql created as /opt/linkmanager/dest/conf/dbconfig/oracle/oraclestandby.sql.rpmnew[0m
[mNotice: /Stage[main]/Dvn2_linkmanager/Exec[Install DVN2 Linkmanager]/returns: warning: /opt/linkmanager/dest/conf/dbconfig/oracle/quartz.properties created as /opt/linkmanager/dest/conf/dbconfig/oracle/quartz.properties.rpmnew[0m
[mNotice: /Stage[main]/Dvn2_linkmanager/Exec[Install DVN2 Linkmanager]/returns: warning: /opt/linkmanager/dest/conf/dbconfig/oracle/quartz_database.sql created as /opt/linkmanager/dest/conf/dbconfig/oracle/quartz_database.sql.rpmnew[0m
[mNotice: /Stage[main]/Dvn2_linkmanager/Exec[Install DVN2 Linkmanager]/returns: warning: /opt/linkmanager/dest/conf/dbconfig/oracle/remote-database-service-resources.xml created as /opt/linkmanager/dest/conf/dbconfig/oracle/remote-database-service-resources.xml.rpmnew[0m
[mNotice: /Stage[main]/Dvn2_linkmanager/Exec[Install DVN2 Linkmanager]/returns: warning: /opt/linkmanager/dest/conf/dbconfig/oracle/remote-quartz.properties created as /opt/linkmanager/dest/conf/dbconfig/oracle/remote-quartz.properties.rpmnew[0m
[mNotice: /Stage[main]/Dvn2_linkmanager/Exec[Install DVN2 Linkmanager]/returns: warning: /opt/linkmanager/dest/conf/dbconfig/oracle/replication_add_obj.sql created as /opt/linkmanager/dest/conf/dbconfig/oracle/replication_add_obj.sql.rpmnew[0m
[mNotice: /Stage[main]/Dvn2_linkmanager/Exec[Install DVN2 Linkmanager]/returns: warning: /opt/linkmanager/dest/conf/dbconfig/oracle/replication_rep_gen.sql created as /opt/linkmanager/dest/conf/dbconfig/oracle/replication_rep_gen.sql.rpmnew[0m
[mNotice: /Stage[main]/Dvn2_linkmanager/Exec[Install DVN2 Linkmanager]/returns: warning: /opt/linkmanager/dest/conf/dbconfig/oracle/resume_replication.sql created as /opt/linkmanager/dest/conf/dbconfig/oracle/resume_replication.sql.rpmnew[0m
[mNotice: /Stage[main]/Dvn2_linkmanager/Exec[Install DVN2 Linkmanager]/returns: warning: /opt/linkmanager/dest/conf/dbconfig/oracle/setup.sql created as /opt/linkmanager/dest/conf/dbconfig/oracle/setup.sql.rpmnew[0m
[mNotice: /Stage[main]/Dvn2_linkmanager/Exec[Install DVN2 Linkmanager]/returns: warning: /opt/linkmanager/dest/conf/dbconfig/oracle/startupprimary.sql created as /opt/linkmanager/dest/conf/dbconfig/oracle/startupprimary.sql.rpmnew[0m
[mNotice: /Stage[main]/Dvn2_linkmanager/Exec[Install DVN2 Linkmanager]/returns: warning: /opt/linkmanager/dest/conf/dbconfig/oracle/suspend_replication.sql created as /opt/linkmanager/dest/conf/dbconfig/oracle/suspend_replication.sql.rpmnew[0m
[mNotice: /Stage[main]/Dvn2_linkmanager/Exec[Install DVN2 Linkmanager]/returns: warning: /opt/linkmanager/dest/conf/dbconfig/oracle/switchtoprimary.sql created as /opt/linkmanager/dest/conf/dbconfig/oracle/switchtoprimary.sql.rpmnew[0m
[mNotice: /Stage[main]/Dvn2_linkmanager/Exec[Install DVN2 Linkmanager]/returns: warning: /opt/linkmanager/dest/conf/dbconfig/oracle/switchtostandby.sql created as /opt/linkmanager/dest/conf/dbconfig/oracle/switchtostandby.sql.rpmnew[0m
[mNotice: /Stage[main]/Dvn2_linkmanager/Exec[Install DVN2 Linkmanager]/returns: warning: /opt/linkmanager/dest/conf/default-connection.xml created as /opt/linkmanager/dest/conf/default-connection.xml.rpmnew[0m
[mNotice: /Stage[main]/Dvn2_linkmanager/Exec[Install DVN2 Linkmanager]/returns: warning: /opt/linkmanager/dest/conf/default-mule-config.xml created as /opt/linkmanager/dest/conf/default-mule-config.xml.rpmnew[0m
[mNotice: /Stage[main]/Dvn2_linkmanager/Exec[Install DVN2 Linkmanager]/returns: warning: /opt/linkmanager/dest/conf/default_discovery_details.xml created as /opt/linkmanager/dest/conf/default_discovery_details.xml.rpmnew[0m
[mNotice: /Stage[main]/Dvn2_linkmanager/Exec[Install DVN2 Linkmanager]/returns: warning: /opt/linkmanager/dest/conf/default_startup.properties created as /opt/linkmanager/dest/conf/default_startup.properties.rpmnew[0m
[mNotice: /Stage[main]/Dvn2_linkmanager/Exec[Install DVN2 Linkmanager]/returns: warning: /opt/linkmanager/dest/conf/defaultperformanceconfig.sql created as /opt/linkmanager/dest/conf/defaultperformanceconfig.sql.rpmnew[0m
[mNotice: /Stage[main]/Dvn2_linkmanager/Exec[Install DVN2 Linkmanager]/returns: warning: /opt/linkmanager/dest/conf/disable_constraints.sql created as /opt/linkmanager/dest/conf/disable_constraints.sql.rpmnew[0m
[mNotice: /Stage[main]/Dvn2_linkmanager/Exec[Install DVN2 Linkmanager]/returns: warning: /opt/linkmanager/dest/conf/discovery-resources.xml created as /opt/linkmanager/dest/conf/discovery-resources.xml.rpmnew[0m
[mNotice: /Stage[main]/Dvn2_linkmanager/Exec[Install DVN2 Linkmanager]/returns: warning: /opt/linkmanager/dest/conf/dump_auditlog_to_csv.sql created as /opt/linkmanager/dest/conf/dump_auditlog_to_csv.sql.rpmnew[0m
[mNotice: /Stage[main]/Dvn2_linkmanager/Exec[Install DVN2 Linkmanager]/returns: warning: /opt/linkmanager/dest/conf/edk-message.xsd created as /opt/linkmanager/dest/conf/edk-message.xsd.rpmnew[0m
[mNotice: /Stage[main]/Dvn2_linkmanager/Exec[Install DVN2 Linkmanager]/returns: warning: /opt/linkmanager/dest/conf/enable_constraints.sql created as /opt/linkmanager/dest/conf/enable_constraints.sql.rpmnew[0m
[mNotice: /Stage[main]/Dvn2_linkmanager/Exec[Install DVN2 Linkmanager]/returns: warning: /opt/linkmanager/dest/conf/etblm_dataloader_service_configuration.properties created as /opt/linkmanager/dest/conf/etblm_dataloader_service_configuration.properties.rpmnew[0m
[mNotice: /Stage[main]/Dvn2_linkmanager/Exec[Install DVN2 Linkmanager]/returns: warning: /opt/linkmanager/dest/conf/etblm_dataloader_service_configuration.xml created as /opt/linkmanager/dest/conf/etblm_dataloader_service_configuration.xml.rpmnew[0m
[mNotice: /Stage[main]/Dvn2_linkmanager/Exec[Install DVN2 Linkmanager]/returns: warning: /opt/linkmanager/dest/conf/fault_correlation.xml created as /opt/linkmanager/dest/conf/fault_correlation.xml.rpmnew[0m
[mNotice: /Stage[main]/Dvn2_linkmanager/Exec[Install DVN2 Linkmanager]/returns: warning: /opt/linkmanager/dest/conf/fm-correlation.xsd created as /opt/linkmanager/dest/conf/fm-correlation.xsd.rpmnew[0m
[mNotice: /Stage[main]/Dvn2_linkmanager/Exec[Install DVN2 Linkmanager]/returns: warning: /opt/linkmanager/dest/conf/fm-service-resources.xml created as /opt/linkmanager/dest/conf/fm-service-resources.xml.rpmnew[0m
[mNotice: /Stage[main]/Dvn2_linkmanager/Exec[Install DVN2 Linkmanager]/returns: warning: /opt/linkmanager/dest/conf/help.xml created as /opt/linkmanager/dest/conf/help.xml.rpmnew[0m
[mNotice: /Stage[main]/Dvn2_linkmanager/Exec[Install DVN2 Linkmanager]/returns: warning: /opt/linkmanager/dest/conf/help.xsd created as /opt/linkmanager/dest/conf/help.xsd.rpmnew[0m
[mNotice: /Stage[main]/Dvn2_linkmanager/Exec[Install DVN2 Linkmanager]/returns: warning: /opt/linkmanager/dest/conf/license-feature.xml created as /opt/linkmanager/dest/conf/license-feature.xml.rpmnew[0m
[mNotice: /Stage[main]/Dvn2_linkmanager/Exec[Install DVN2 Linkmanager]/returns: warning: /opt/linkmanager/dest/conf/license.xsd created as /opt/linkmanager/dest/conf/license.xsd.rpmnew[0m
[mNotice: /Stage[main]/Dvn2_linkmanager/Exec[Install DVN2 Linkmanager]/returns: warning: /opt/linkmanager/dest/conf/licensefeature.sql created as /opt/linkmanager/dest/conf/licensefeature.sql.rpmnew[0m
[mNotice: /Stage[main]/Dvn2_linkmanager/Exec[Install DVN2 Linkmanager]/returns: warning: /opt/linkmanager/dest/conf/linkmanager-log4j-conf.xml created as /opt/linkmanager/dest/conf/linkmanager-log4j-conf.xml.rpmnew[0m
[mNotice: /Stage[main]/Dvn2_linkmanager/Exec[Install DVN2 Linkmanager]/returns: warning: /opt/linkmanager/dest/conf/linkmanager_service_configuration.properties created as /opt/linkmanager/dest/conf/linkmanager_service_configuration.properties.rpmnew[0m
[mNotice: /Stage[main]/Dvn2_linkmanager/Exec[Install DVN2 Linkmanager]/returns: warning: /opt/linkmanager/dest/conf/linkmanager_service_configuration.xml created as /opt/linkmanager/dest/conf/linkmanager_service_configuration.xml.rpmnew[0m
[mNotice: /Stage[main]/Dvn2_linkmanager/Exec[Install DVN2 Linkmanager]/returns: warning: /opt/linkmanager/dest/conf/lm_dataloader-log4j-conf.xml created as /opt/linkmanager/dest/conf/lm_dataloader-log4j-conf.xml.rpmnew[0m
[mNotice: /Stage[main]/Dvn2_linkmanager/Exec[Install DVN2 Linkmanager]/returns: warning: /opt/linkmanager/dest/conf/lm_dataloader_service_configuration.properties created as /opt/linkmanager/dest/conf/lm_dataloader_service_configuration.properties.rpmnew[0m
[mNotice: /Stage[main]/Dvn2_linkmanager/Exec[Install DVN2 Linkmanager]/returns: warning: /opt/linkmanager/dest/conf/lm_dataloader_service_configuration.xml created as /opt/linkmanager/dest/conf/lm_dataloader_service_configuration.xml.rpmnew[0m
[mNotice: /Stage[main]/Dvn2_linkmanager/Exec[Install DVN2 Linkmanager]/returns: warning: /opt/linkmanager/dest/conf/log4j-conf.xml created as /opt/linkmanager/dest/conf/log4j-conf.xml.rpmnew[0m
[mNotice: /Stage[main]/Dvn2_linkmanager/Exec[Install DVN2 Linkmanager]/returns: warning: /opt/linkmanager/dest/conf/log4j-conf.xml.DEBUG created as /opt/linkmanager/dest/conf/log4j-conf.xml.DEBUG.rpmnew[0m
[mNotice: /Stage[main]/Dvn2_linkmanager/Exec[Install DVN2 Linkmanager]/returns: warning: /opt/linkmanager/dest/conf/log4j-conf.xml.ERROR created as /opt/linkmanager/dest/conf/log4j-conf.xml.ERROR.rpmnew[0m
[mNotice: /Stage[main]/Dvn2_linkmanager/Exec[Install DVN2 Linkmanager]/returns: warning: /opt/linkmanager/dest/conf/managed-object-template.xsd created as /opt/linkmanager/dest/conf/managed-object-template.xsd.rpmnew[0m
[mNotice: /Stage[main]/Dvn2_linkmanager/Exec[Install DVN2 Linkmanager]/returns: warning: /opt/linkmanager/dest/conf/medialinks-oid-config.xml created as /opt/linkmanager/dest/conf/medialinks-oid-config.xml.rpmnew[0m
[mNotice: /Stage[main]/Dvn2_linkmanager/Exec[Install DVN2 Linkmanager]/returns: warning: /opt/linkmanager/dest/conf/medialinks-oid-config.xsd created as /opt/linkmanager/dest/conf/medialinks-oid-config.xsd.rpmnew[0m
[mNotice: /Stage[main]/Dvn2_linkmanager/Exec[Install DVN2 Linkmanager]/returns: warning: /opt/linkmanager/dest/conf/mo-config.xml created as /opt/linkmanager/dest/conf/mo-config.xml.rpmnew[0m
[mNotice: /Stage[main]/Dvn2_linkmanager/Exec[Install DVN2 Linkmanager]/returns: #warning: /opt/linkmanager/dest/conf/mo-config.xsd created as /opt/linkmanager/dest/conf/mo-config.xsd.rpmnew[0m
[mNotice: /Stage[main]/Dvn2_linkmanager/Exec[Install DVN2 Linkmanager]/returns: warning: /opt/linkmanager/dest/conf/mo-sample.xml created as /opt/linkmanager/dest/conf/mo-sample.xml.rpmnew[0m
[mNotice: /Stage[main]/Dvn2_linkmanager/Exec[Install DVN2 Linkmanager]/returns: warning: /opt/linkmanager/dest/conf/moConfigAntFile.xml created as /opt/linkmanager/dest/conf/moConfigAntFile.xml.rpmnew[0m
[mNotice: /Stage[main]/Dvn2_linkmanager/Exec[Install DVN2 Linkmanager]/returns: warning: /opt/linkmanager/dest/conf/models/adapters/AlcatelAdapter.jar created as /opt/linkmanager/dest/conf/models/adapters/AlcatelAdapter.jar.rpmnew[0m
[mNotice: /Stage[main]/Dvn2_linkmanager/Exec[Install DVN2 Linkmanager]/returns: warning: /opt/linkmanager/dest/conf/models/adapters/CP6000Adapter.jar created as /opt/linkmanager/dest/conf/models/adapters/CP6000Adapter.jar.rpmnew[0m
[mNotice: /Stage[main]/Dvn2_linkmanager/Exec[Install DVN2 Linkmanager]/returns: warning: /opt/linkmanager/dest/conf/models/adapters/CiscoAdapter.jar created as /opt/linkmanager/dest/conf/models/adapters/CiscoAdapter.jar.rpmnew[0m
[mNotice: /Stage[main]/Dvn2_linkmanager/Exec[Install DVN2 Linkmanager]/returns: warning: /opt/linkmanager/dest/conf/models/adapters/D9032Adapter.jar created as /opt/linkmanager/dest/conf/models/adapters/D9032Adapter.jar.rpmnew[0m
[mNotice: /Stage[main]/Dvn2_linkmanager/Exec[Install DVN2 Linkmanager]/returns: warning: /opt/linkmanager/dest/conf/models/adapters/D9034Adapter.jar created as /opt/linkmanager/dest/conf/models/adapters/D9034Adapter.jar.rpmnew[0m
[mNotice: /Stage[main]/Dvn2_linkmanager/Exec[Install DVN2 Linkmanager]/returns: warning: /opt/linkmanager/dest/conf/models/adapters/D9094Adapter.jar created as /opt/linkmanager/dest/conf/models/adapters/D9094Adapter.jar.rpmnew[0m
[mNotice: /Stage[main]/Dvn2_linkmanager/Exec[Install DVN2 Linkmanager]/returns: warning: /opt/linkmanager/dest/conf/models/adapters/D9887Adapter.jar created as /opt/linkmanager/dest/conf/models/adapters/D9887Adapter.jar.rpmnew[0m
[mNotice: /Stage[main]/Dvn2_linkmanager/Exec[Install DVN2 Linkmanager]/returns: warning: /opt/linkmanager/dest/conf/models/adapters/D9894Adapter.jar created as /opt/linkmanager/dest/conf/models/adapters/D9894Adapter.jar.rpmnew[0m
[mNotice: /Stage[main]/Dvn2_linkmanager/Exec[Install DVN2 Linkmanager]/returns: warning: /opt/linkmanager/dest/conf/models/adapters/DTMAdapter.jar created as /opt/linkmanager/dest/conf/models/adapters/DTMAdapter.jar.rpmnew[0m
[mNotice: /Stage[main]/Dvn2_linkmanager/Exec[Install DVN2 Linkmanager]/returns: warning: /opt/linkmanager/dest/conf/models/adapters/DcmAdapter.jar created as /opt/linkmanager/dest/conf/models/adapters/DcmAdapter.jar.rpmnew[0m
[mNotice: /Stage[main]/Dvn2_linkmanager/Exec[Install DVN2 Linkmanager]/returns: warning: /opt/linkmanager/dest/conf/models/adapters/EncoreAdapter.jar created as /opt/linkmanager/dest/conf/models/adapters/EncoreAdapter.jar.rpmnew[0m
[mNotice: /Stage[main]/Dvn2_linkmanager/Exec[Install DVN2 Linkmanager]/returns: warning: /opt/linkmanager/dest/conf/models/adapters/EricssonAdapter.jar created as /opt/linkmanager/dest/conf/models/adapters/EricssonAdapter.jar.rpmnew[0m
[mNotice: /Stage[main]/Dvn2_linkmanager/Exec[Install DVN2 Linkmanager]/returns: warning: /opt/linkmanager/dest/conf/models/adapters/EvertzAdapter.jar created as /opt/linkmanager/dest/conf/models/adapters/EvertzAdapter.jar.rpmnew[0m
[mNotice: /Stage[main]/Dvn2_linkmanager/Exec[Install DVN2 Linkmanager]/returns: warning: /opt/linkmanager/dest/conf/models/adapters/GenericDeviceAdapter.jar created as /opt/linkmanager/dest/conf/models/adapters/GenericDeviceAdapter.jar.rpmnew[0m
[mNotice: /Stage[main]/Dvn2_linkmanager/Exec[Install DVN2 Linkmanager]/returns: warning: /opt/linkmanager/dest/conf/models/adapters/MayahAdapter.jar created as /opt/linkmanager/dest/conf/models/adapters/MayahAdapter.jar.rpmnew[0m
[mNotice: /Stage[main]/Dvn2_linkmanager/Exec[Install DVN2 Linkmanager]/returns: warning: /opt/linkmanager/dest/conf/models/adapters/Md8000Adapter.jar created as /opt/linkmanager/dest/conf/models/adapters/Md8000Adapter.jar.rpmnew[0m
[mNotice: /Stage[main]/Dvn2_linkmanager/Exec[Install DVN2 Linkmanager]/returns: warning: /opt/linkmanager/dest/conf/models/adapters/Medialinks.jar created as /opt/linkmanager/dest/conf/models/adapters/Medialinks.jar.rpmnew[0m
[mNotice: /Stage[main]/Dvn2_linkmanager/Exec[Install DVN2 Linkmanager]/returns: warning: /opt/linkmanager/dest/conf/models/adapters/NetvxAdapter.jar created as /opt/linkmanager/dest/conf/models/adapters/NetvxAdapter.jar.rpmnew[0m
[mNotice: /Stage[main]/Dvn2_linkmanager/Exec[Install DVN2 Linkmanager]/returns: warning: /opt/linkmanager/dest/conf/models/adapters/NortelVPSAdapter.jar created as /opt/linkmanager/dest/conf/models/adapters/NortelVPSAdapter.jar.rpmnew[0m
[mNotice: /Stage[main]/Dvn2_linkmanager/Exec[Install DVN2 Linkmanager]/returns: warning: /opt/linkmanager/dest/conf/models/adapters/SelectionAdapter.jar created as /opt/linkmanager/dest/conf/models/adapters/SelectionAdapter.jar.rpmnew[0m
[mNotice: /Stage[main]/Dvn2_linkmanager/Exec[Install DVN2 Linkmanager]/returns: warning: /opt/linkmanager/dest/conf/models/adapters/TVGAdapter.jar created as /opt/linkmanager/dest/conf/models/adapters/TVGAdapter.jar.rpmnew[0m
[mNotice: /Stage[main]/Dvn2_linkmanager/Exec[Install DVN2 Linkmanager]/returns: warning: /opt/linkmanager/dest/conf/models/adapters/TVips.jar created as /opt/linkmanager/dest/conf/models/adapters/TVips.jar.rpmnew[0m
[mNotice: /Stage[main]/Dvn2_linkmanager/Exec[Install DVN2 Linkmanager]/returns: warning: /opt/linkmanager/dest/conf/models/adapters/UtahAdapter.jar created as /opt/linkmanager/dest/conf/models/adapters/UtahAdapter.jar.rpmnew[0m
[mNotice: /Stage[main]/Dvn2_linkmanager/Exec[Install DVN2 Linkmanager]/returns: warning: /opt/linkmanager/dest/conf/models/adapters/VideoRouter.jar created as /opt/linkmanager/dest/conf/models/adapters/VideoRouter.jar.rpmnew[0m
[mNotice: /Stage[main]/Dvn2_linkmanager/Exec[Install DVN2 Linkmanager]/returns: warning: /opt/linkmanager/dest/conf/models/adapters/atemeAdapter.jar created as /opt/linkmanager/dest/conf/models/adapters/atemeAdapter.jar.rpmnew[0m
[mNotice: /Stage[main]/Dvn2_linkmanager/Exec[Install DVN2 Linkmanager]/returns: warning: /opt/linkmanager/dest/conf/models/adapters/juniperAdapter.jar created as /opt/linkmanager/dest/conf/models/adapters/juniperAdapter.jar.rpmnew[0m
[mNotice: /Stage[main]/Dvn2_linkmanager/Exec[Install DVN2 Linkmanager]/returns: warning: /opt/linkmanager/dest/conf/models/servicecatalogs/Broadcast.xml created as /opt/linkmanager/dest/conf/models/servicecatalogs/Broadcast.xml.rpmnew[0m
[mNotice: /Stage[main]/Dvn2_linkmanager/Exec[Install DVN2 Linkmanager]/returns: warning: /opt/linkmanager/dest/conf/models/services/VideoService.xml created as /opt/linkmanager/dest/conf/models/services/VideoService.xml.rpmnew[0m
[mNotice: /Stage[main]/Dvn2_linkmanager/Exec[Install DVN2 Linkmanager]/returns: warning: /opt/linkmanager/dest/conf/modules.sql created as /opt/linkmanager/dest/conf/modules.sql.rpmnew[0m
[mNotice: /Stage[main]/Dvn2_linkmanager/Exec[Install DVN2 Linkmanager]/returns: warning: /opt/linkmanager/dest/conf/mule-config.xml created as /opt/linkmanager/dest/conf/mule-config.xml.rpmnew[0m
[mNotice: /Stage[main]/Dvn2_linkmanager/Exec[Install DVN2 Linkmanager]/returns: warning: /opt/linkmanager/dest/conf/my-database-service-resources.xml created as /opt/linkmanager/dest/conf/my-database-service-resources.xml.rpmnew[0m
[mNotice: /Stage[main]/Dvn2_linkmanager/Exec[Install DVN2 Linkmanager]/returns: warning: /opt/linkmanager/dest/conf/my-quartz.properties created as /opt/linkmanager/dest/conf/my-quartz.properties.rpmnew[0m
[mNotice: /Stage[main]/Dvn2_linkmanager/Exec[Install DVN2 Linkmanager]/returns: warning: /opt/linkmanager/dest/conf/notification-engine.xsd created as /opt/linkmanager/dest/conf/notification-engine.xsd.rpmnew[0m
[mNotice: /Stage[main]/Dvn2_linkmanager/Exec[Install DVN2 Linkmanager]/returns: warning: /opt/linkmanager/dest/conf/oracleprimary.sql created as /opt/linkmanager/dest/conf/oracleprimary.sql.rpmnew[0m
[mNotice: /Stage[main]/Dvn2_linkmanager/Exec[Install DVN2 Linkmanager]/returns: warning: /opt/linkmanager/dest/conf/oraclestandby.sql created as /opt/linkmanager/dest/conf/oraclestandby.sql.rpmnew[0m
[mNotice: /Stage[main]/Dvn2_linkmanager/Exec[Install DVN2 Linkmanager]/returns: warning: /opt/linkmanager/dest/conf/org/exolab/castor/builder/castorbuilder.properties created as /opt/linkmanager/dest/conf/org/exolab/castor/builder/castorbuilder.properties.rpmnew[0m
[mNotice: /Stage[main]/Dvn2_linkmanager/Exec[Install DVN2 Linkmanager]/returns: warning: /opt/linkmanager/dest/conf/performance-report-config.properties created as /opt/linkmanager/dest/conf/performance-report-config.properties.rpmnew[0m
[mNotice: /Stage[main]/Dvn2_linkmanager/Exec[Install DVN2 Linkmanager]/returns: warning: /opt/linkmanager/dest/conf/performancereports/PerformanceSummary.rptdesign created as /opt/linkmanager/dest/conf/performancereports/PerformanceSummary.rptdesign.rpmnew[0m
[mNotice: /Stage[main]/Dvn2_linkmanager/Exec[Install DVN2 Linkmanager]/returns: warning: /opt/linkmanager/dest/conf/performancereports/PerformanceSummary.vm created as /opt/linkmanager/dest/conf/performancereports/PerformanceSummary.vm.rpmnew[0m
[mNotice: /Stage[main]/Dvn2_linkmanager/Exec[Install DVN2 Linkmanager]/returns: warning: /opt/linkmanager/dest/conf/pm-config.xsd created as /opt/linkmanager/dest/conf/pm-config.xsd.rpmnew[0m
[mNotice: /Stage[main]/Dvn2_linkmanager/Exec[Install DVN2 Linkmanager]/returns: warning: /opt/linkmanager/dest/conf/pm-configuration.xsd created as /opt/linkmanager/dest/conf/pm-configuration.xsd.rpmnew[0m
[mNotice: /Stage[main]/Dvn2_linkmanager/Exec[Install DVN2 Linkmanager]/returns: warning: /opt/linkmanager/dest/conf/post-activation-notification-config.properties created as /opt/linkmanager/dest/conf/post-activation-notification-config.properties.rpmnew[0m
[mNotice: /Stage[main]/Dvn2_linkmanager/Exec[Install DVN2 Linkmanager]/returns: warning: /opt/linkmanager/dest/conf/priv.txt created as /opt/linkmanager/dest/conf/priv.txt.rpmnew[0m
[mNotice: /Stage[main]/Dvn2_linkmanager/Exec[Install DVN2 Linkmanager]/returns: warning: /opt/linkmanager/dest/conf/profile-template-ESPN.xml created as /opt/linkmanager/dest/conf/profile-template-ESPN.xml.rpmnew[0m
[mNotice: /Stage[main]/Dvn2_linkmanager/Exec[Install DVN2 Linkmanager]/returns: warning: /opt/linkmanager/dest/conf/profile-template.xml created as /opt/linkmanager/dest/conf/profile-template.xml.rpmnew[0m
[mNotice: /Stage[main]/Dvn2_linkmanager/Exec[Install DVN2 Linkmanager]/returns: warning: /opt/linkmanager/dest/conf/profile-template.xsd created as /opt/linkmanager/dest/conf/profile-template.xsd.rpmnew[0m
[mNotice: /Stage[main]/Dvn2_linkmanager/Exec[Install DVN2 Linkmanager]/returns: warning: /opt/linkmanager/dest/conf/quartz.properties created as /opt/linkmanager/dest/conf/quartz.properties.rpmnew[0m
[mNotice: /Stage[main]/Dvn2_linkmanager/Exec[Install DVN2 Linkmanager]/returns: warning: /opt/linkmanager/dest/conf/quartz_database.sql created as /opt/linkmanager/dest/conf/quartz_database.sql.rpmnew[0m
[mNotice: /Stage[main]/Dvn2_linkmanager/Exec[Install DVN2 Linkmanager]/returns: warning: /opt/linkmanager/dest/conf/registration-messages.xsd created as /opt/linkmanager/dest/conf/registration-messages.xsd.rpmnew[0m
[mNotice: /Stage[main]/Dvn2_linkmanager/Exec[Install DVN2 Linkmanager]/returns: warning: /opt/linkmanager/dest/conf/remote-database-service-resources.xml created as /opt/linkmanager/dest/conf/remote-database-service-resources.xml.rpmnew[0m
[mNotice: /Stage[main]/Dvn2_linkmanager/Exec[Install DVN2 Linkmanager]/returns: warning: /opt/linkmanager/dest/conf/remote-quartz.properties created as /opt/linkmanager/dest/conf/remote-quartz.properties.rpmnew[0m
[mNotice: /Stage[main]/Dvn2_linkmanager/Exec[Install DVN2 Linkmanager]/returns: warning: /opt/linkmanager/dest/conf/remove_databse.sql created as /opt/linkmanager/dest/conf/remove_databse.sql.rpmnew[0m
[mNotice: /Stage[main]/Dvn2_linkmanager/Exec[Install DVN2 Linkmanager]/returns: warning: /opt/linkmanager/dest/conf/replication_add_obj.sql created as /opt/linkmanager/dest/conf/replication_add_obj.sql.rpmnew[0m
[mNotice: /Stage[main]/Dvn2_linkmanager/Exec[Install DVN2 Linkmanager]/returns: warning: /opt/linkmanager/dest/conf/replication_rep_gen.sql created as /opt/linkmanager/dest/conf/replication_rep_gen.sql.rpmnew[0m
[mNotice: /Stage[main]/Dvn2_linkmanager/Exec[Install DVN2 Linkmanager]/returns: warning: /opt/linkmanager/dest/conf/report-config.properties created as /opt/linkmanager/dest/conf/report-config.properties.rpmnew[0m
[mNotice: /Stage[main]/Dvn2_linkmanager/Exec[Install DVN2 Linkmanager]/returns: warning: /opt/linkmanager/dest/conf/reports/alarmstatus.jrxml created as /opt/linkmanager/dest/conf/reports/alarmstatus.jrxml.rpmnew[0m
[mNotice: /Stage[main]/Dvn2_linkmanager/Exec[Install DVN2 Linkmanager]/returns: warning: /opt/linkmanager/dest/conf/reports/alarmstatus.rptdesign created as /opt/linkmanager/dest/conf/reports/alarmstatus.rptdesign.rpmnew[0m
[mNotice: /Stage[main]/Dvn2_linkmanager/Exec[Install DVN2 Linkmanager]/returns: warning: /opt/linkmanager/dest/conf/reports/bwutilization.rptdesign created as /opt/linkmanager/dest/conf/reports/bwutilization.rptdesign.rpmnew[0m
[mNotice: /Stage[main]/Dvn2_linkmanager/Exec[Install DVN2 Linkmanager]/returns: warning: /opt/linkmanager/dest/conf/reports/connectiondetails.rptdesign created as /opt/linkmanager/dest/conf/reports/connectiondetails.rptdesign.rpmnew[0m
[mNotice: /Stage[main]/Dvn2_linkmanager/Exec[Install DVN2 Linkmanager]/returns: warning: /opt/linkmanager/dest/conf/reports/deletedconnectiondetails.rptdesign created as /opt/linkmanager/dest/conf/reports/deletedconnectiondetails.rptdesign.rpmnew[0m
[mNotice: /Stage[main]/Dvn2_linkmanager/Exec[Install DVN2 Linkmanager]/returns: warning: /opt/linkmanager/dest/conf/reports/drilldown.rptdesign created as /opt/linkmanager/dest/conf/reports/drilldown.rptdesign.rpmnew[0m
[mNotice: /Stage[main]/Dvn2_linkmanager/Exec[Install DVN2 Linkmanager]/returns: warning: /opt/linkmanager/dest/conf/reports/equipmenthierarchy.rptdesign created as /opt/linkmanager/dest/conf/reports/equipmenthierarchy.rptdesign.rpmnew[0m
[mNotice: /Stage[main]/Dvn2_linkmanager/Exec[Install DVN2 Linkmanager]/returns: warning: /opt/linkmanager/dest/conf/reports/eventstatus.jrxml created as /opt/linkmanager/dest/conf/reports/eventstatus.jrxml.rpmnew[0m
[mNotice: /Stage[main]/Dvn2_linkmanager/Exec[Install DVN2 Linkmanager]/returns: #warning: /opt/linkmanager/dest/conf/reports/eventstatus.rptdesign created as /opt/linkmanager/dest/conf/reports/eventstatus.rptdesign.rpmnew[0m
[mNotice: /Stage[main]/Dvn2_linkmanager/Exec[Install DVN2 Linkmanager]/returns: warning: /opt/linkmanager/dest/conf/reports/portanalysis.rptdesign created as /opt/linkmanager/dest/conf/reports/portanalysis.rptdesign.rpmnew[0m
[mNotice: /Stage[main]/Dvn2_linkmanager/Exec[Install DVN2 Linkmanager]/returns: warning: /opt/linkmanager/dest/conf/reports/portlicense.rptdesign created as /opt/linkmanager/dest/conf/reports/portlicense.rptdesign.rpmnew[0m
[mNotice: /Stage[main]/Dvn2_linkmanager/Exec[Install DVN2 Linkmanager]/returns: warning: /opt/linkmanager/dest/conf/reports/portutilization.rptdesign created as /opt/linkmanager/dest/conf/reports/portutilization.rptdesign.rpmnew[0m
[mNotice: /Stage[main]/Dvn2_linkmanager/Exec[Install DVN2 Linkmanager]/returns: warning: /opt/linkmanager/dest/conf/reports/servicepath.rptdesign created as /opt/linkmanager/dest/conf/reports/servicepath.rptdesign.rpmnew[0m
[mNotice: /Stage[main]/Dvn2_linkmanager/Exec[Install DVN2 Linkmanager]/returns: warning: /opt/linkmanager/dest/conf/reports/servicestatus.jrxml created as /opt/linkmanager/dest/conf/reports/servicestatus.jrxml.rpmnew[0m
[mNotice: /Stage[main]/Dvn2_linkmanager/Exec[Install DVN2 Linkmanager]/returns: warning: /opt/linkmanager/dest/conf/reports/servicestatus.rptdesign created as /opt/linkmanager/dest/conf/reports/servicestatus.rptdesign.rpmnew[0m
[mNotice: /Stage[main]/Dvn2_linkmanager/Exec[Install DVN2 Linkmanager]/returns: warning: /opt/linkmanager/dest/conf/reports/servicesummary.rptdesign created as /opt/linkmanager/dest/conf/reports/servicesummary.rptdesign.rpmnew[0m
[mNotice: /Stage[main]/Dvn2_linkmanager/Exec[Install DVN2 Linkmanager]/returns: warning: /opt/linkmanager/dest/conf/reports/sla_daily.rptdesign created as /opt/linkmanager/dest/conf/reports/sla_daily.rptdesign.rpmnew[0m
[mNotice: /Stage[main]/Dvn2_linkmanager/Exec[Install DVN2 Linkmanager]/returns: warning: /opt/linkmanager/dest/conf/reports/sla_monthly.rptdesign created as /opt/linkmanager/dest/conf/reports/sla_monthly.rptdesign.rpmnew[0m
[mNotice: /Stage[main]/Dvn2_linkmanager/Exec[Install DVN2 Linkmanager]/returns: warning: /opt/linkmanager/dest/conf/reports/sla_weekly.rptdesign created as /opt/linkmanager/dest/conf/reports/sla_weekly.rptdesign.rpmnew[0m
[mNotice: /Stage[main]/Dvn2_linkmanager/Exec[Install DVN2 Linkmanager]/returns: warning: /opt/linkmanager/dest/conf/reports/sla_yearly.rptdesign created as /opt/linkmanager/dest/conf/reports/sla_yearly.rptdesign.rpmnew[0m
[mNotice: /Stage[main]/Dvn2_linkmanager/Exec[Install DVN2 Linkmanager]/returns: warning: /opt/linkmanager/dest/conf/reports/slasummary.rptdesign created as /opt/linkmanager/dest/conf/reports/slasummary.rptdesign.rpmnew[0m
[mNotice: /Stage[main]/Dvn2_linkmanager/Exec[Install DVN2 Linkmanager]/returns: warning: /opt/linkmanager/dest/conf/resume_replication.sql created as /opt/linkmanager/dest/conf/resume_replication.sql.rpmnew[0m
[mNotice: /Stage[main]/Dvn2_linkmanager/Exec[Install DVN2 Linkmanager]/returns: warning: /opt/linkmanager/dest/conf/rule-engine.xsd created as /opt/linkmanager/dest/conf/rule-engine.xsd.rpmnew[0m
[mNotice: /Stage[main]/Dvn2_linkmanager/Exec[Install DVN2 Linkmanager]/returns: warning: /opt/linkmanager/dest/conf/search-input.xsd created as /opt/linkmanager/dest/conf/search-input.xsd.rpmnew[0m
[mNotice: /Stage[main]/Dvn2_linkmanager/Exec[Install DVN2 Linkmanager]/returns: warning: /opt/linkmanager/dest/conf/server.xml created as /opt/linkmanager/dest/conf/server.xml.rpmnew[0m
[mNotice: /Stage[main]/Dvn2_linkmanager/Exec[Install DVN2 Linkmanager]/returns: warning: /opt/linkmanager/dest/conf/service-discovery-manager-resources.xml created as /opt/linkmanager/dest/conf/service-discovery-manager-resources.xml.rpmnew[0m
[mNotice: /Stage[main]/Dvn2_linkmanager/Exec[Install DVN2 Linkmanager]/returns: warning: /opt/linkmanager/dest/conf/service-startup-descriptor.xsd created as /opt/linkmanager/dest/conf/service-startup-descriptor.xsd.rpmnew[0m
[mNotice: /Stage[main]/Dvn2_linkmanager/Exec[Install DVN2 Linkmanager]/returns: warning: /opt/linkmanager/dest/conf/service_discovery_details.xml created as /opt/linkmanager/dest/conf/service_discovery_details.xml.rpmnew[0m
[mNotice: /Stage[main]/Dvn2_linkmanager/Exec[Install DVN2 Linkmanager]/returns: warning: /opt/linkmanager/dest/conf/service_startup.properties created as /opt/linkmanager/dest/conf/service_startup.properties.rpmnew[0m
[mNotice: /Stage[main]/Dvn2_linkmanager/Exec[Install DVN2 Linkmanager]/returns: warning: /opt/linkmanager/dest/conf/service_startup_configuration.xml created as /opt/linkmanager/dest/conf/service_startup_configuration.xml.rpmnew[0m
[mNotice: /Stage[main]/Dvn2_linkmanager/Exec[Install DVN2 Linkmanager]/returns: warning: /opt/linkmanager/dest/conf/servicescan-log4j-conf.xml created as /opt/linkmanager/dest/conf/servicescan-log4j-conf.xml.rpmnew[0m
[mNotice: /Stage[main]/Dvn2_linkmanager/Exec[Install DVN2 Linkmanager]/returns: warning: /opt/linkmanager/dest/conf/servicescan_startup.properties created as /opt/linkmanager/dest/conf/servicescan_startup.properties.rpmnew[0m
[mNotice: /Stage[main]/Dvn2_linkmanager/Exec[Install DVN2 Linkmanager]/returns: warning: /opt/linkmanager/dest/conf/servicescan_startup_configuration.xml created as /opt/linkmanager/dest/conf/servicescan_startup_configuration.xml.rpmnew[0m
[mNotice: /Stage[main]/Dvn2_linkmanager/Exec[Install DVN2 Linkmanager]/returns: warning: /opt/linkmanager/dest/conf/setup.sql created as /opt/linkmanager/dest/conf/setup.sql.rpmnew[0m
[mNotice: /Stage[main]/Dvn2_linkmanager/Exec[Install DVN2 Linkmanager]/returns: warning: /opt/linkmanager/dest/conf/sla-activation-notification-config.properties created as /opt/linkmanager/dest/conf/sla-activation-notification-config.properties.rpmnew[0m
[mNotice: /Stage[main]/Dvn2_linkmanager/Exec[Install DVN2 Linkmanager]/returns: warning: /opt/linkmanager/dest/conf/sla_threshold_config.json created as /opt/linkmanager/dest/conf/sla_threshold_config.json.rpmnew[0m
[mNotice: /Stage[main]/Dvn2_linkmanager/Exec[Install DVN2 Linkmanager]/returns: warning: /opt/linkmanager/dest/conf/smtpconfigurationfile.xml created as /opt/linkmanager/dest/conf/smtpconfigurationfile.xml.rpmnew[0m
[mNotice: /Stage[main]/Dvn2_linkmanager/Exec[Install DVN2 Linkmanager]/returns: warning: /opt/linkmanager/dest/conf/startupprimary.sql created as /opt/linkmanager/dest/conf/startupprimary.sql.rpmnew[0m
[mNotice: /Stage[main]/Dvn2_linkmanager/Exec[Install DVN2 Linkmanager]/returns: warning: /opt/linkmanager/dest/conf/suspend_replication.sql created as /opt/linkmanager/dest/conf/suspend_replication.sql.rpmnew[0m
[mNotice: /Stage[main]/Dvn2_linkmanager/Exec[Install DVN2 Linkmanager]/returns: warning: /opt/linkmanager/dest/conf/switchtoprimary.sql created as /opt/linkmanager/dest/conf/switchtoprimary.sql.rpmnew[0m
[mNotice: /Stage[main]/Dvn2_linkmanager/Exec[Install DVN2 Linkmanager]/returns: warning: /opt/linkmanager/dest/conf/switchtostandby.sql created as /opt/linkmanager/dest/conf/switchtostandby.sql.rpmnew[0m
[mNotice: /Stage[main]/Dvn2_linkmanager/Exec[Install DVN2 Linkmanager]/returns: warning: /opt/linkmanager/dest/conf/system-resources.xml created as /opt/linkmanager/dest/conf/system-resources.xml.rpmnew[0m
[mNotice: /Stage[main]/Dvn2_linkmanager/Exec[Install DVN2 Linkmanager]/returns: warning: /opt/linkmanager/dest/conf/system_properties.xml created as /opt/linkmanager/dest/conf/system_properties.xml.rpmnew[0m
[mNotice: /Stage[main]/Dvn2_linkmanager/Exec[Install DVN2 Linkmanager]/returns: warning: /opt/linkmanager/dest/conf/systemconfig.sql created as /opt/linkmanager/dest/conf/systemconfig.sql.rpmnew[0m
[mNotice: /Stage[main]/Dvn2_linkmanager/Exec[Install DVN2 Linkmanager]/returns: warning: /opt/linkmanager/dest/conf/table_index_configuration.xml created as /opt/linkmanager/dest/conf/table_index_configuration.xml.rpmnew[0m
[mNotice: /Stage[main]/Dvn2_linkmanager/Exec[Install DVN2 Linkmanager]/returns: warning: /opt/linkmanager/dest/conf/tables_oracle.sql created as /opt/linkmanager/dest/conf/tables_oracle.sql.rpmnew[0m
[mNotice: /Stage[main]/Dvn2_linkmanager/Exec[Install DVN2 Linkmanager]/returns: warning: /opt/linkmanager/dest/conf/tomcat-users.xml created as /opt/linkmanager/dest/conf/tomcat-users.xml.rpmnew[0m
[mNotice: /Stage[main]/Dvn2_linkmanager/Exec[Install DVN2 Linkmanager]/returns: warning: /opt/linkmanager/dest/conf/trap-configuration.xml created as /opt/linkmanager/dest/conf/trap-configuration.xml.rpmnew[0m
[mNotice: /Stage[main]/Dvn2_linkmanager/Exec[Install DVN2 Linkmanager]/returns: warning: /opt/linkmanager/dest/conf/trap-configuration.xsd created as /opt/linkmanager/dest/conf/trap-configuration.xsd.rpmnew[0m
[mNotice: /Stage[main]/Dvn2_linkmanager/Exec[Install DVN2 Linkmanager]/returns: warning: /opt/linkmanager/dest/conf/trap-manager-resources.xml created as /opt/linkmanager/dest/conf/trap-manager-resources.xml.rpmnew[0m
[mNotice: /Stage[main]/Dvn2_linkmanager/Exec[Install DVN2 Linkmanager]/returns: warning: /opt/linkmanager/dest/conf/usermanagement.sql created as /opt/linkmanager/dest/conf/usermanagement.sql.rpmnew[0m
[mNotice: /Stage[main]/Dvn2_linkmanager/Exec[Install DVN2 Linkmanager]/returns: warning: /opt/linkmanager/dest/conf/utilityscripts/portdata/disable_constraints.sql created as /opt/linkmanager/dest/conf/utilityscripts/portdata/disable_constraints.sql.rpmnew[0m
[mNotice: /Stage[main]/Dvn2_linkmanager/Exec[Install DVN2 Linkmanager]/returns: warning: /opt/linkmanager/dest/conf/utilityscripts/portdata/enable_constraints.sql created as /opt/linkmanager/dest/conf/utilityscripts/portdata/enable_constraints.sql.rpmnew[0m
[mNotice: /Stage[main]/Dvn2_linkmanager/Exec[Install DVN2 Linkmanager]/returns: warning: /opt/linkmanager/dest/conf/utilityscripts/portdata/idgen.sql created as /opt/linkmanager/dest/conf/utilityscripts/portdata/idgen.sql.rpmnew[0m
[mNotice: /Stage[main]/Dvn2_linkmanager/Exec[Install DVN2 Linkmanager]/returns: warning: /opt/linkmanager/dest/conf/utilityscripts/portdata/insert_data.sql created as /opt/linkmanager/dest/conf/utilityscripts/portdata/insert_data.sql.rpmnew[0m
[mNotice: /Stage[main]/Dvn2_linkmanager/Exec[Install DVN2 Linkmanager]/returns: warning: /opt/linkmanager/dest/conf/utilityscripts/portdata/port_data.sh created as /opt/linkmanager/dest/conf/utilityscripts/portdata/port_data.sh.rpmnew[0m
[mNotice: /Stage[main]/Dvn2_linkmanager/Exec[Install DVN2 Linkmanager]/returns: warning: /opt/linkmanager/dest/conf/utilityscripts/updateusers/remove_modules.sh created as /opt/linkmanager/dest/conf/utilityscripts/updateusers/remove_modules.sh.rpmnew[0m
[mNotice: /Stage[main]/Dvn2_linkmanager/Exec[Install DVN2 Linkmanager]/returns: warning: /opt/linkmanager/dest/conf/utilityscripts/updateusers/remove_modules.sql created as /opt/linkmanager/dest/conf/utilityscripts/updateusers/remove_modules.sql.rpmnew[0m
[mNotice: /Stage[main]/Dvn2_linkmanager/Exec[Install DVN2 Linkmanager]/returns: warning: /opt/linkmanager/dest/conf/utilityscripts/updateusers/update_users.sh created as /opt/linkmanager/dest/conf/utilityscripts/updateusers/update_users.sh.rpmnew[0m
[mNotice: /Stage[main]/Dvn2_linkmanager/Exec[Install DVN2 Linkmanager]/returns: warning: /opt/linkmanager/dest/conf/utilityscripts/updateusers/update_users.sql created as /opt/linkmanager/dest/conf/utilityscripts/updateusers/update_users.sql.rpmnew[0m
[mNotice: /Stage[main]/Dvn2_linkmanager/Exec[Install DVN2 Linkmanager]/returns: warning: /opt/linkmanager/dest/conf/web.xml created as /opt/linkmanager/dest/conf/web.xml.rpmnew[0m
[mNotice: /Stage[main]/Dvn2_linkmanager/Exec[Install DVN2 Linkmanager]/returns: warning: /opt/linkmanager/dest/conf/webservice.xsd created as /opt/linkmanager/dest/conf/webservice.xsd.rpmnew[0m
[mNotice: /Stage[main]/Dvn2_linkmanager/Exec[Install DVN2 Linkmanager]/returns: warning: /opt/linkmanager/dest/conf/wrapper.conf created as /opt/linkmanager/dest/conf/wrapper.conf.rpmnew[0m
[mNotice: /Stage[main]/Dvn2_linkmanager/Exec[Install DVN2 Linkmanager]/returns: ################################################[0m
[mNotice: /Stage[main]/Dvn2_linkmanager/Exec[Install DVN2 Linkmanager]/returns: executed successfully[0m
[0;32mInfo: /Stage[main]/Dvn2_linkmanager/Exec[Install DVN2 Linkmanager]: Scheduling refresh of Exec[Apply Dimetis Patch][0m
[0;36mDebug: /Stage[main]/Dvn2_linkmanager/Exec[Install DVN2 Linkmanager]: The container Class[Dvn2_linkmanager] will propagate my refresh event[0m
[0;36mDebug: Exec[Apply Dimetis Patch](provider=posix): Executing '/var/tmp/apply_patch.sh'[0m
[0;36mDebug: Executing '/var/tmp/apply_patch.sh'[0m
[mNotice: /Stage[main]/Dvn2_linkmanager/Exec[Apply Dimetis Patch]/returns: I'm applying the patch[0m
[mNotice: /Stage[main]/Dvn2_linkmanager/Exec[Apply Dimetis Patch]/returns: executed successfully[0m
[0;32mInfo: /Stage[main]/Dvn2_linkmanager/Exec[Apply Dimetis Patch]: Scheduling refresh of Service[httpd][0m
[0;36mDebug: /Stage[main]/Dvn2_linkmanager/Exec[Apply Dimetis Patch]: The container Class[Dvn2_linkmanager] will propagate my refresh event[0m
[0;36mDebug: Exec[Apply Dimetis Patch](provider=posix): Executing '/var/tmp/apply_patch.sh'[0m
[0;36mDebug: Executing '/var/tmp/apply_patch.sh'[0m
[mNotice: /Stage[main]/Dvn2_linkmanager/Exec[Apply Dimetis Patch]/returns: I'm applying the patch[0m
[mNotice: /Stage[main]/Dvn2_linkmanager/Exec[Apply Dimetis Patch]: Triggered 'refresh' from 1 events[0m
[0;32mInfo: /Stage[main]/Dvn2_linkmanager/Exec[Apply Dimetis Patch]: Scheduling refresh of Service[httpd][0m
[0;36mDebug: /Stage[main]/Dvn2_linkmanager/Exec[Apply Dimetis Patch]: The container Class[Dvn2_linkmanager] will propagate my refresh event[0m
[mNotice: /Stage[main]/Dvn2_linkmanager/File[/var/tmp/runpatch.lock]/ensure: created[0m
[0;36mDebug: /Stage[main]/Dvn2_linkmanager/File[/var/tmp/runpatch.lock]: The container Class[Dvn2_linkmanager] will propagate my refresh event[0m
[0;36mDebug: Executing '/sbin/service httpd status'[0m
[0;36mDebug: Executing '/sbin/service httpd start'[0m
[mNotice: /Stage[main]/Dvn2_linkmanager/Service[httpd]/ensure: ensure changed 'stopped' to 'running'[0m
[0;36mDebug: /Stage[main]/Dvn2_linkmanager/Service[httpd]: The container Class[Dvn2_linkmanager] will propagate my refresh event[0m
[0;32mInfo: /Stage[main]/Dvn2_linkmanager/Service[httpd]: Unscheduling refresh on Service[httpd][0m
[0;36mDebug: Class[Dvn2_linkmanager]: The container Stage[main] will propagate my refresh event[0m
[0;36mDebug: Finishing transaction 88345070[0m
[0;36mDebug: Storing state[0m
[0;36mDebug: Stored state in 0.15 seconds[0m
[mNotice: Finished catalog run in 28.19 seconds[0m
[0;36mDebug: Using settings: adding file resource 'rrddir': 'File[/var/opt/lib/pe-puppet/rrd]{:path=>"/var/opt/lib/pe-puppet/rrd", :mode=>"750", :owner=>"pe-puppet", :group=>"pe-puppet", :ensure=>:directory, :loglevel=>:debug, :links=>:follow, :backup=>false}'[0m
[0;36mDebug: Finishing transaction 88392390[0m
[0;36mDebug: Received report to process from learning.puppetlabs.vm[0m
[0;36mDebug: Processing report from learning.puppetlabs.vm with processor Puppet::Reports::Store[0m
